  [4;36;1mSQL (22.7ms)[0m   [0;1mSET SQL_AUTO_IS_NULL=0[0m
  [4;35;1mSQL (106.9ms)[0m   [0mDROP TABLE IF EXISTS `posts`[0m
  [4;36;1mSQL (50.0ms)[0m   [0;1m

CREATE TABLE `posts` (
 `id` int(11) NOT NULL auto_increment,
 `text` text NOT NULL,
 `created_at` datetime NOT NULL,
 PRIMARY KEY (`id`)
) ENGINE=InnoDB DEFAULT CHARSET=utf8[0m
  [4;35;1mPost Columns (23.1ms)[0m   [0mSHOW FIELDS FROM `posts`[0m
  [4;36;1mSQL (0.2ms)[0m   [0;1mSET SQL_AUTO_IS_NULL=0[0m
  [4;35;1mSQL (31.3ms)[0m   [0mDROP TABLE IF EXISTS `posts`[0m
  [4;36;1mSQL (1.9ms)[0m   [0;1m

CREATE TABLE `posts` (
 `id` int(11) NOT NULL auto_increment,
 `title` varchar(255) NOT NULL,
 `text` text NOT NULL,
 `created_at` datetime NOT NULL,
 PRIMARY KEY (`id`)
) ENGINE=InnoDB DEFAULT CHARSET=utf8[0m
  [4;35;1mPost Columns (1.7ms)[0m   [0mSHOW FIELDS FROM `posts`[0m
  [4;36;1mSQL (0.1ms)[0m   [0;1mBEGIN[0m
  [4;35;1mPost Create (0.3ms)[0m   [0mINSERT INTO `posts` (`title`, `text`, `created_at`) VALUES('January', 'testing', '2009-01-01 00:00:00')[0m
  [4;36;1mSQL (0.6ms)[0m   [0;1mCOMMIT[0m
  [4;35;1mSQL (0.1ms)[0m   [0mBEGIN[0m
  [4;36;1mPost Create (0.1ms)[0m   [0;1mINSERT INTO `posts` (`title`, `text`, `created_at`) VALUES('February', 'testing', '2009-02-01 00:00:00')[0m
  [4;35;1mSQL (0.5ms)[0m   [0mCOMMIT[0m
  [4;36;1mSQL (0.1ms)[0m   [0;1mBEGIN[0m
  [4;35;1mPost Create (0.1ms)[0m   [0mINSERT INTO `posts` (`title`, `text`, `created_at`) VALUES('February', 'testing', '2009-02-01 00:00:00')[0m
  [4;36;1mSQL (0.6ms)[0m   [0;1mCOMMIT[0m
  [4;35;1mSQL (0.1ms)[0m   [0mBEGIN[0m
  [4;36;1mPost Create (0.1ms)[0m   [0;1mINSERT INTO `posts` (`title`, `text`, `created_at`) VALUES('March', 'testing', '2009-03-01 00:00:00')[0m
  [4;35;1mSQL (0.6ms)[0m   [0mCOMMIT[0m
  [4;36;1mSQL (0.1ms)[0m   [0;1mBEGIN[0m
  [4;35;1mPost Create (0.2ms)[0m   [0mINSERT INTO `posts` (`title`, `text`, `created_at`) VALUES('March', 'testing', '2009-03-01 00:00:00')[0m
  [4;36;1mSQL (0.6ms)[0m   [0;1mCOMMIT[0m
  [4;35;1mSQL (0.1ms)[0m   [0mBEGIN[0m
  [4;36;1mPost Create (0.1ms)[0m   [0;1mINSERT INTO `posts` (`title`, `text`, `created_at`) VALUES('March', 'testing', '2009-03-01 00:00:00')[0m
  [4;35;1mSQL (0.5ms)[0m   [0mCOMMIT[0m
  [4;36;1mSQL (0.1ms)[0m   [0;1mBEGIN[0m
  [4;35;1mPost Create (0.1ms)[0m   [0mINSERT INTO `posts` (`title`, `text`, `created_at`) VALUES('April', 'testing', '2009-04-01 00:00:00')[0m
  [4;36;1mSQL (0.6ms)[0m   [0;1mCOMMIT[0m
  [4;35;1mSQL (0.1ms)[0m   [0mBEGIN[0m
  [4;36;1mPost Create (0.1ms)[0m   [0;1mINSERT INTO `posts` (`title`, `text`, `created_at`) VALUES('April', 'testing', '2009-04-01 00:00:00')[0m
  [4;35;1mSQL (0.4ms)[0m   [0mCOMMIT[0m
  [4;36;1mSQL (0.1ms)[0m   [0;1mBEGIN[0m
  [4;35;1mPost Create (0.2ms)[0m   [0mINSERT INTO `posts` (`title`, `text`, `created_at`) VALUES('April', 'testing', '2009-04-01 00:00:00')[0m
  [4;36;1mSQL (0.5ms)[0m   [0;1mCOMMIT[0m
  [4;35;1mSQL (0.1ms)[0m   [0mBEGIN[0m
  [4;36;1mPost Create (0.1ms)[0m   [0;1mINSERT INTO `posts` (`title`, `text`, `created_at`) VALUES('April', 'testing', '2009-04-01 00:00:00')[0m
  [4;35;1mSQL (0.5ms)[0m   [0mCOMMIT[0m
  [4;36;1mSQL (0.1ms)[0m   [0;1mBEGIN[0m
  [4;35;1mPost Create (0.1ms)[0m   [0mINSERT INTO `posts` (`title`, `text`, `created_at`) VALUES('May', 'testing', '2009-05-01 00:00:00')[0m
  [4;36;1mSQL (0.5ms)[0m   [0;1mCOMMIT[0m
  [4;35;1mSQL (0.1ms)[0m   [0mBEGIN[0m
  [4;36;1mPost Create (0.1ms)[0m   [0;1mINSERT INTO `posts` (`title`, `text`, `created_at`) VALUES('May', 'testing', '2009-05-01 00:00:00')[0m
  [4;35;1mSQL (0.6ms)[0m   [0mCOMMIT[0m
  [4;36;1mSQL (0.1ms)[0m   [0;1mBEGIN[0m
  [4;35;1mPost Create (0.2ms)[0m   [0mINSERT INTO `posts` (`title`, `text`, `created_at`) VALUES('May', 'testing', '2009-05-01 00:00:00')[0m
  [4;36;1mSQL (0.7ms)[0m   [0;1mCOMMIT[0m
  [4;35;1mSQL (0.1ms)[0m   [0mBEGIN[0m
  [4;36;1mPost Create (0.1ms)[0m   [0;1mINSERT INTO `posts` (`title`, `text`, `created_at`) VALUES('May', 'testing', '2009-05-01 00:00:00')[0m
  [4;35;1mSQL (0.5ms)[0m   [0mCOMMIT[0m
  [4;36;1mSQL (0.1ms)[0m   [0;1mBEGIN[0m
  [4;35;1mPost Create (0.1ms)[0m   [0mINSERT INTO `posts` (`title`, `text`, `created_at`) VALUES('May', 'testing', '2009-05-01 00:00:00')[0m
  [4;36;1mSQL (0.5ms)[0m   [0;1mCOMMIT[0m
  [4;35;1mSQL (0.1ms)[0m   [0mBEGIN[0m
  [4;36;1mPost Create (0.1ms)[0m   [0;1mINSERT INTO `posts` (`title`, `text`, `created_at`) VALUES('June', 'testing', '2009-06-01 00:00:00')[0m
  [4;35;1mSQL (0.5ms)[0m   [0mCOMMIT[0m
  [4;36;1mSQL (0.1ms)[0m   [0;1mBEGIN[0m
  [4;35;1mPost Create (0.1ms)[0m   [0mINSERT INTO `posts` (`title`, `text`, `created_at`) VALUES('June', 'testing', '2009-06-01 00:00:00')[0m
  [4;36;1mSQL (0.5ms)[0m   [0;1mCOMMIT[0m
  [4;35;1mSQL (0.1ms)[0m   [0mBEGIN[0m
  [4;36;1mPost Create (0.1ms)[0m   [0;1mINSERT INTO `posts` (`title`, `text`, `created_at`) VALUES('June', 'testing', '2009-06-01 00:00:00')[0m
  [4;35;1mSQL (0.5ms)[0m   [0mCOMMIT[0m
  [4;36;1mSQL (0.1ms)[0m   [0;1mBEGIN[0m
  [4;35;1mPost Create (0.2ms)[0m   [0mINSERT INTO `posts` (`title`, `text`, `created_at`) VALUES('June', 'testing', '2009-06-01 00:00:00')[0m
  [4;36;1mSQL (0.5ms)[0m   [0;1mCOMMIT[0m
  [4;35;1mSQL (0.1ms)[0m   [0mBEGIN[0m
  [4;36;1mPost Create (0.1ms)[0m   [0;1mINSERT INTO `posts` (`title`, `text`, `created_at`) VALUES('June', 'testing', '2009-06-01 00:00:00')[0m
  [4;35;1mSQL (0.4ms)[0m   [0mCOMMIT[0m
  [4;36;1mSQL (0.1ms)[0m   [0;1mBEGIN[0m
  [4;35;1mPost Create (0.1ms)[0m   [0mINSERT INTO `posts` (`title`, `text`, `created_at`) VALUES('June', 'testing', '2009-06-01 00:00:00')[0m
  [4;36;1mSQL (0.4ms)[0m   [0;1mCOMMIT[0m
  [4;35;1mSQL (0.1ms)[0m   [0mBEGIN[0m
  [4;36;1mPost Create (0.1ms)[0m   [0;1mINSERT INTO `posts` (`title`, `text`, `created_at`) VALUES('July', 'testing', '2009-07-01 00:00:00')[0m
  [4;35;1mSQL (0.4ms)[0m   [0mCOMMIT[0m
  [4;36;1mSQL (0.1ms)[0m   [0;1mBEGIN[0m
  [4;35;1mPost Create (0.1ms)[0m   [0mINSERT INTO `posts` (`title`, `text`, `created_at`) VALUES('July', 'testing', '2009-07-01 00:00:00')[0m
  [4;36;1mSQL (0.5ms)[0m   [0;1mCOMMIT[0m
  [4;35;1mSQL (0.1ms)[0m   [0mBEGIN[0m
  [4;36;1mPost Create (0.1ms)[0m   [0;1mINSERT INTO `posts` (`title`, `text`, `created_at`) VALUES('July', 'testing', '2009-07-01 00:00:00')[0m
  [4;35;1mSQL (0.4ms)[0m   [0mCOMMIT[0m
  [4;36;1mSQL (0.1ms)[0m   [0;1mBEGIN[0m
  [4;35;1mPost Create (0.1ms)[0m   [0mINSERT INTO `posts` (`title`, `text`, `created_at`) VALUES('July', 'testing', '2009-07-01 00:00:00')[0m
  [4;36;1mSQL (0.4ms)[0m   [0;1mCOMMIT[0m
  [4;35;1mSQL (0.1ms)[0m   [0mBEGIN[0m
  [4;36;1mPost Create (0.1ms)[0m   [0;1mINSERT INTO `posts` (`title`, `text`, `created_at`) VALUES('July', 'testing', '2009-07-01 00:00:00')[0m
  [4;35;1mSQL (0.4ms)[0m   [0mCOMMIT[0m
  [4;36;1mSQL (0.1ms)[0m   [0;1mBEGIN[0m
  [4;35;1mPost Create (0.1ms)[0m   [0mINSERT INTO `posts` (`title`, `text`, `created_at`) VALUES('July', 'testing', '2009-07-01 00:00:00')[0m
  [4;36;1mSQL (0.5ms)[0m   [0;1mCOMMIT[0m
  [4;35;1mSQL (0.1ms)[0m   [0mBEGIN[0m
  [4;36;1mPost Create (0.1ms)[0m   [0;1mINSERT INTO `posts` (`title`, `text`, `created_at`) VALUES('July', 'testing', '2009-07-01 00:00:00')[0m
  [4;35;1mSQL (0.5ms)[0m   [0mCOMMIT[0m
  [4;36;1mSQL (0.1ms)[0m   [0;1mBEGIN[0m
  [4;35;1mPost Create (0.1ms)[0m   [0mINSERT INTO `posts` (`title`, `text`, `created_at`) VALUES('August', 'testing', '2009-08-01 00:00:00')[0m
  [4;36;1mSQL (0.4ms)[0m   [0;1mCOMMIT[0m
  [4;35;1mSQL (0.1ms)[0m   [0mBEGIN[0m
  [4;36;1mPost Create (0.1ms)[0m   [0;1mINSERT INTO `posts` (`title`, `text`, `created_at`) VALUES('August', 'testing', '2009-08-01 00:00:00')[0m
  [4;35;1mSQL (0.5ms)[0m   [0mCOMMIT[0m
  [4;36;1mSQL (0.1ms)[0m   [0;1mBEGIN[0m
  [4;35;1mPost Create (0.1ms)[0m   [0mINSERT INTO `posts` (`title`, `text`, `created_at`) VALUES('August', 'testing', '2009-08-01 00:00:00')[0m
  [4;36;1mSQL (0.5ms)[0m   [0;1mCOMMIT[0m
  [4;35;1mSQL (0.1ms)[0m   [0mBEGIN[0m
  [4;36;1mPost Create (0.1ms)[0m   [0;1mINSERT INTO `posts` (`title`, `text`, `created_at`) VALUES('August', 'testing', '2009-08-01 00:00:00')[0m
  [4;35;1mSQL (0.5ms)[0m   [0mCOMMIT[0m
  [4;36;1mSQL (0.1ms)[0m   [0;1mBEGIN[0m
  [4;35;1mPost Create (0.2ms)[0m   [0mINSERT INTO `posts` (`title`, `text`, `created_at`) VALUES('August', 'testing', '2009-08-01 00:00:00')[0m
  [4;36;1mSQL (0.5ms)[0m   [0;1mCOMMIT[0m
  [4;35;1mSQL (0.1ms)[0m   [0mBEGIN[0m
  [4;36;1mPost Create (0.2ms)[0m   [0;1mINSERT INTO `posts` (`title`, `text`, `created_at`) VALUES('August', 'testing', '2009-08-01 00:00:00')[0m
  [4;35;1mSQL (0.5ms)[0m   [0mCOMMIT[0m
  [4;36;1mSQL (0.1ms)[0m   [0;1mBEGIN[0m
  [4;35;1mPost Create (0.2ms)[0m   [0mINSERT INTO `posts` (`title`, `text`, `created_at`) VALUES('August', 'testing', '2009-08-01 00:00:00')[0m
  [4;36;1mSQL (0.6ms)[0m   [0;1mCOMMIT[0m
  [4;35;1mSQL (0.1ms)[0m   [0mBEGIN[0m
  [4;36;1mPost Create (0.1ms)[0m   [0;1mINSERT INTO `posts` (`title`, `text`, `created_at`) VALUES('August', 'testing', '2009-08-01 00:00:00')[0m
  [4;35;1mSQL (0.5ms)[0m   [0mCOMMIT[0m
  [4;36;1mSQL (0.1ms)[0m   [0;1mBEGIN[0m
  [4;35;1mPost Create (0.1ms)[0m   [0mINSERT INTO `posts` (`title`, `text`, `created_at`) VALUES('September', 'testing', '2009-09-01 00:00:00')[0m
  [4;36;1mSQL (0.5ms)[0m   [0;1mCOMMIT[0m
  [4;35;1mSQL (0.1ms)[0m   [0mBEGIN[0m
  [4;36;1mPost Create (0.1ms)[0m   [0;1mINSERT INTO `posts` (`title`, `text`, `created_at`) VALUES('September', 'testing', '2009-09-01 00:00:00')[0m
  [4;35;1mSQL (0.5ms)[0m   [0mCOMMIT[0m
  [4;36;1mSQL (0.1ms)[0m   [0;1mBEGIN[0m
  [4;35;1mPost Create (0.1ms)[0m   [0mINSERT INTO `posts` (`title`, `text`, `created_at`) VALUES('September', 'testing', '2009-09-01 00:00:00')[0m
  [4;36;1mSQL (0.7ms)[0m   [0;1mCOMMIT[0m
  [4;35;1mSQL (0.1ms)[0m   [0mBEGIN[0m
  [4;36;1mPost Create (0.1ms)[0m   [0;1mINSERT INTO `posts` (`title`, `text`, `created_at`) VALUES('September', 'testing', '2009-09-01 00:00:00')[0m
  [4;35;1mSQL (0.6ms)[0m   [0mCOMMIT[0m
  [4;36;1mSQL (0.1ms)[0m   [0;1mBEGIN[0m
  [4;35;1mPost Create (0.1ms)[0m   [0mINSERT INTO `posts` (`title`, `text`, `created_at`) VALUES('September', 'testing', '2009-09-01 00:00:00')[0m
  [4;36;1mSQL (0.6ms)[0m   [0;1mCOMMIT[0m
  [4;35;1mSQL (0.1ms)[0m   [0mBEGIN[0m
  [4;36;1mPost Create (0.1ms)[0m   [0;1mINSERT INTO `posts` (`title`, `text`, `created_at`) VALUES('September', 'testing', '2009-09-01 00:00:00')[0m
  [4;35;1mSQL (0.6ms)[0m   [0mCOMMIT[0m
  [4;36;1mSQL (0.1ms)[0m   [0;1mBEGIN[0m
  [4;35;1mPost Create (0.1ms)[0m   [0mINSERT INTO `posts` (`title`, `text`, `created_at`) VALUES('September', 'testing', '2009-09-01 00:00:00')[0m
  [4;36;1mSQL (0.5ms)[0m   [0;1mCOMMIT[0m
  [4;35;1mSQL (0.1ms)[0m   [0mBEGIN[0m
  [4;36;1mPost Create (0.1ms)[0m   [0;1mINSERT INTO `posts` (`title`, `text`, `created_at`) VALUES('September', 'testing', '2009-09-01 00:00:00')[0m
  [4;35;1mSQL (0.6ms)[0m   [0mCOMMIT[0m
  [4;36;1mSQL (0.1ms)[0m   [0;1mBEGIN[0m
  [4;35;1mPost Create (0.1ms)[0m   [0mINSERT INTO `posts` (`title`, `text`, `created_at`) VALUES('September', 'testing', '2009-09-01 00:00:00')[0m
  [4;36;1mSQL (0.5ms)[0m   [0;1mCOMMIT[0m
  [4;35;1mSQL (0.1ms)[0m   [0mBEGIN[0m
  [4;36;1mPost Create (0.1ms)[0m   [0;1mINSERT INTO `posts` (`title`, `text`, `created_at`) VALUES('October', 'testing', '2009-10-01 00:00:00')[0m
  [4;35;1mSQL (0.6ms)[0m   [0mCOMMIT[0m
  [4;36;1mSQL (0.1ms)[0m   [0;1mBEGIN[0m
  [4;35;1mPost Create (0.1ms)[0m   [0mINSERT INTO `posts` (`title`, `text`, `created_at`) VALUES('October', 'testing', '2009-10-01 00:00:00')[0m
  [4;36;1mSQL (0.6ms)[0m   [0;1mCOMMIT[0m
  [4;35;1mSQL (0.1ms)[0m   [0mBEGIN[0m
  [4;36;1mPost Create (0.1ms)[0m   [0;1mINSERT INTO `posts` (`title`, `text`, `created_at`) VALUES('October', 'testing', '2009-10-01 00:00:00')[0m
  [4;35;1mSQL (0.5ms)[0m   [0mCOMMIT[0m
  [4;36;1mSQL (0.1ms)[0m   [0;1mBEGIN[0m
  [4;35;1mPost Create (0.1ms)[0m   [0mINSERT INTO `posts` (`title`, `text`, `created_at`) VALUES('October', 'testing', '2009-10-01 00:00:00')[0m
  [4;36;1mSQL (0.6ms)[0m   [0;1mCOMMIT[0m
  [4;35;1mSQL (0.1ms)[0m   [0mBEGIN[0m
  [4;36;1mPost Create (0.1ms)[0m   [0;1mINSERT INTO `posts` (`title`, `text`, `created_at`) VALUES('October', 'testing', '2009-10-01 00:00:00')[0m
  [4;35;1mSQL (0.6ms)[0m   [0mCOMMIT[0m
  [4;36;1mSQL (0.1ms)[0m   [0;1mBEGIN[0m
  [4;35;1mPost Create (0.1ms)[0m   [0mINSERT INTO `posts` (`title`, `text`, `created_at`) VALUES('October', 'testing', '2009-10-01 00:00:00')[0m
  [4;36;1mSQL (0.6ms)[0m   [0;1mCOMMIT[0m
  [4;35;1mSQL (0.1ms)[0m   [0mBEGIN[0m
  [4;36;1mPost Create (0.2ms)[0m   [0;1mINSERT INTO `posts` (`title`, `text`, `created_at`) VALUES('October', 'testing', '2009-10-01 00:00:00')[0m
  [4;35;1mSQL (0.5ms)[0m   [0mCOMMIT[0m
  [4;36;1mSQL (0.1ms)[0m   [0;1mBEGIN[0m
  [4;35;1mPost Create (0.1ms)[0m   [0mINSERT INTO `posts` (`title`, `text`, `created_at`) VALUES('October', 'testing', '2009-10-01 00:00:00')[0m
  [4;36;1mSQL (0.5ms)[0m   [0;1mCOMMIT[0m
  [4;35;1mSQL (0.1ms)[0m   [0mBEGIN[0m
  [4;36;1mPost Create (0.1ms)[0m   [0;1mINSERT INTO `posts` (`title`, `text`, `created_at`) VALUES('October', 'testing', '2009-10-01 00:00:00')[0m
  [4;35;1mSQL (0.7ms)[0m   [0mCOMMIT[0m
  [4;36;1mSQL (0.1ms)[0m   [0;1mBEGIN[0m
  [4;35;1mPost Create (0.1ms)[0m   [0mINSERT INTO `posts` (`title`, `text`, `created_at`) VALUES('October', 'testing', '2009-10-01 00:00:00')[0m
  [4;36;1mSQL (0.6ms)[0m   [0;1mCOMMIT[0m
  [4;35;1mSQL (0.2ms)[0m   [0mBEGIN[0m
  [4;36;1mPost Create (0.2ms)[0m   [0;1mINSERT INTO `posts` (`title`, `text`, `created_at`) VALUES('November', 'testing', '2009-11-01 00:00:00')[0m
  [4;35;1mSQL (0.7ms)[0m   [0mCOMMIT[0m
  [4;36;1mSQL (0.1ms)[0m   [0;1mBEGIN[0m
  [4;35;1mPost Create (0.1ms)[0m   [0mINSERT INTO `posts` (`title`, `text`, `created_at`) VALUES('November', 'testing', '2009-11-01 00:00:00')[0m
  [4;36;1mSQL (0.6ms)[0m   [0;1mCOMMIT[0m
  [4;35;1mSQL (0.1ms)[0m   [0mBEGIN[0m
  [4;36;1mPost Create (0.1ms)[0m   [0;1mINSERT INTO `posts` (`title`, `text`, `created_at`) VALUES('November', 'testing', '2009-11-01 00:00:00')[0m
  [4;35;1mSQL (0.8ms)[0m   [0mCOMMIT[0m
  [4;36;1mSQL (0.1ms)[0m   [0;1mBEGIN[0m
  [4;35;1mPost Create (0.1ms)[0m   [0mINSERT INTO `posts` (`title`, `text`, `created_at`) VALUES('November', 'testing', '2009-11-01 00:00:00')[0m
  [4;36;1mSQL (0.6ms)[0m   [0;1mCOMMIT[0m
  [4;35;1mSQL (0.1ms)[0m   [0mBEGIN[0m
  [4;36;1mPost Create (0.2ms)[0m   [0;1mINSERT INTO `posts` (`title`, `text`, `created_at`) VALUES('November', 'testing', '2009-11-01 00:00:00')[0m
  [4;35;1mSQL (0.5ms)[0m   [0mCOMMIT[0m
  [4;36;1mSQL (0.1ms)[0m   [0;1mBEGIN[0m
  [4;35;1mPost Create (0.1ms)[0m   [0mINSERT INTO `posts` (`title`, `text`, `created_at`) VALUES('November', 'testing', '2009-11-01 00:00:00')[0m
  [4;36;1mSQL (0.6ms)[0m   [0;1mCOMMIT[0m
  [4;35;1mSQL (0.1ms)[0m   [0mBEGIN[0m
  [4;36;1mPost Create (0.1ms)[0m   [0;1mINSERT INTO `posts` (`title`, `text`, `created_at`) VALUES('November', 'testing', '2009-11-01 00:00:00')[0m
  [4;35;1mSQL (0.6ms)[0m   [0mCOMMIT[0m
  [4;36;1mSQL (0.1ms)[0m   [0;1mBEGIN[0m
  [4;35;1mPost Create (0.1ms)[0m   [0mINSERT INTO `posts` (`title`, `text`, `created_at`) VALUES('November', 'testing', '2009-11-01 00:00:00')[0m
  [4;36;1mSQL (0.6ms)[0m   [0;1mCOMMIT[0m
  [4;35;1mSQL (0.1ms)[0m   [0mBEGIN[0m
  [4;36;1mPost Create (0.1ms)[0m   [0;1mINSERT INTO `posts` (`title`, `text`, `created_at`) VALUES('November', 'testing', '2009-11-01 00:00:00')[0m
  [4;35;1mSQL (0.5ms)[0m   [0mCOMMIT[0m
  [4;36;1mSQL (0.1ms)[0m   [0;1mBEGIN[0m
  [4;35;1mPost Create (0.1ms)[0m   [0mINSERT INTO `posts` (`title`, `text`, `created_at`) VALUES('November', 'testing', '2009-11-01 00:00:00')[0m
  [4;36;1mSQL (0.5ms)[0m   [0;1mCOMMIT[0m
  [4;35;1mSQL (0.1ms)[0m   [0mBEGIN[0m
  [4;36;1mPost Create (0.1ms)[0m   [0;1mINSERT INTO `posts` (`title`, `text`, `created_at`) VALUES('November', 'testing', '2009-11-01 00:00:00')[0m
  [4;35;1mSQL (0.6ms)[0m   [0mCOMMIT[0m
  [4;36;1mSQL (0.1ms)[0m   [0;1mBEGIN[0m
  [4;35;1mPost Create (0.1ms)[0m   [0mINSERT INTO `posts` (`title`, `text`, `created_at`) VALUES('December', 'testing', '2009-12-01 00:00:00')[0m
  [4;36;1mSQL (0.8ms)[0m   [0;1mCOMMIT[0m
  [4;35;1mSQL (0.1ms)[0m   [0mBEGIN[0m
  [4;36;1mPost Create (0.1ms)[0m   [0;1mINSERT INTO `posts` (`title`, `text`, `created_at`) VALUES('December', 'testing', '2009-12-01 00:00:00')[0m
  [4;35;1mSQL (0.6ms)[0m   [0mCOMMIT[0m
  [4;36;1mSQL (0.1ms)[0m   [0;1mBEGIN[0m
  [4;35;1mPost Create (0.1ms)[0m   [0mINSERT INTO `posts` (`title`, `text`, `created_at`) VALUES('December', 'testing', '2009-12-01 00:00:00')[0m
  [4;36;1mSQL (0.6ms)[0m   [0;1mCOMMIT[0m
  [4;35;1mSQL (0.1ms)[0m   [0mBEGIN[0m
  [4;36;1mPost Create (0.1ms)[0m   [0;1mINSERT INTO `posts` (`title`, `text`, `created_at`) VALUES('December', 'testing', '2009-12-01 00:00:00')[0m
  [4;35;1mSQL (0.6ms)[0m   [0mCOMMIT[0m
  [4;36;1mSQL (0.1ms)[0m   [0;1mBEGIN[0m
  [4;35;1mPost Create (0.1ms)[0m   [0mINSERT INTO `posts` (`title`, `text`, `created_at`) VALUES('December', 'testing', '2009-12-01 00:00:00')[0m
  [4;36;1mSQL (0.5ms)[0m   [0;1mCOMMIT[0m
  [4;35;1mSQL (0.1ms)[0m   [0mBEGIN[0m
  [4;36;1mPost Create (0.1ms)[0m   [0;1mINSERT INTO `posts` (`title`, `text`, `created_at`) VALUES('December', 'testing', '2009-12-01 00:00:00')[0m
  [4;35;1mSQL (0.6ms)[0m   [0mCOMMIT[0m
  [4;36;1mSQL (0.1ms)[0m   [0;1mBEGIN[0m
  [4;35;1mPost Create (0.1ms)[0m   [0mINSERT INTO `posts` (`title`, `text`, `created_at`) VALUES('December', 'testing', '2009-12-01 00:00:00')[0m
  [4;36;1mSQL (0.6ms)[0m   [0;1mCOMMIT[0m
  [4;35;1mSQL (0.1ms)[0m   [0mBEGIN[0m
  [4;36;1mPost Create (0.1ms)[0m   [0;1mINSERT INTO `posts` (`title`, `text`, `created_at`) VALUES('December', 'testing', '2009-12-01 00:00:00')[0m
  [4;35;1mSQL (0.7ms)[0m   [0mCOMMIT[0m
  [4;36;1mSQL (0.1ms)[0m   [0;1mBEGIN[0m
  [4;35;1mPost Create (0.1ms)[0m   [0mINSERT INTO `posts` (`title`, `text`, `created_at`) VALUES('December', 'testing', '2009-12-01 00:00:00')[0m
  [4;36;1mSQL (0.6ms)[0m   [0;1mCOMMIT[0m
  [4;35;1mSQL (0.1ms)[0m   [0mBEGIN[0m
  [4;36;1mPost Create (0.1ms)[0m   [0;1mINSERT INTO `posts` (`title`, `text`, `created_at`) VALUES('December', 'testing', '2009-12-01 00:00:00')[0m
  [4;35;1mSQL (0.6ms)[0m   [0mCOMMIT[0m
  [4;36;1mSQL (0.1ms)[0m   [0;1mBEGIN[0m
  [4;35;1mPost Create (0.1ms)[0m   [0mINSERT INTO `posts` (`title`, `text`, `created_at`) VALUES('December', 'testing', '2009-12-01 00:00:00')[0m
  [4;36;1mSQL (0.6ms)[0m   [0;1mCOMMIT[0m
  [4;35;1mSQL (0.1ms)[0m   [0mBEGIN[0m
  [4;36;1mPost Create (0.1ms)[0m   [0;1mINSERT INTO `posts` (`title`, `text`, `created_at`) VALUES('December', 'testing', '2009-12-01 00:00:00')[0m
  [4;35;1mSQL (0.6ms)[0m   [0mCOMMIT[0m
  [4;36;1mPost Load (0.6ms)[0m   [0;1mSELECT * FROM `posts` [0m
  [4;36;1mSQL (0.2ms)[0m   [0;1mSET SQL_AUTO_IS_NULL=0[0m
  [4;35;1mSQL (1.8ms)[0m   [0mDROP TABLE IF EXISTS `posts`[0m
  [4;36;1mSQL (41.8ms)[0m   [0;1m

CREATE TABLE `posts` (
 `id` int(11) NOT NULL auto_increment,
 `title` varchar(255) NOT NULL,
 `text` text NOT NULL,
 `created_at` datetime NOT NULL,
 PRIMARY KEY (`id`)
) ENGINE=InnoDB DEFAULT CHARSET=utf8[0m
  [4;35;1mPost Columns (1.7ms)[0m   [0mSHOW FIELDS FROM `posts`[0m
  [4;36;1mSQL (0.1ms)[0m   [0;1mBEGIN[0m
  [4;35;1mPost Create (0.4ms)[0m   [0mINSERT INTO `posts` (`title`, `text`, `created_at`) VALUES('January', 'testing', '2009-01-01 00:00:00')[0m
  [4;36;1mSQL (0.8ms)[0m   [0;1mCOMMIT[0m
  [4;35;1mSQL (0.1ms)[0m   [0mBEGIN[0m
  [4;36;1mPost Create (0.2ms)[0m   [0;1mINSERT INTO `posts` (`title`, `text`, `created_at`) VALUES('February', 'testing', '2009-02-01 00:00:00')[0m
  [4;35;1mSQL (0.5ms)[0m   [0mCOMMIT[0m
  [4;36;1mSQL (0.1ms)[0m   [0;1mBEGIN[0m
  [4;35;1mPost Create (0.1ms)[0m   [0mINSERT INTO `posts` (`title`, `text`, `created_at`) VALUES('February', 'testing', '2009-02-01 00:00:00')[0m
  [4;36;1mSQL (0.5ms)[0m   [0;1mCOMMIT[0m
  [4;35;1mSQL (0.1ms)[0m   [0mBEGIN[0m
  [4;36;1mPost Create (0.2ms)[0m   [0;1mINSERT INTO `posts` (`title`, `text`, `created_at`) VALUES('March', 'testing', '2009-03-01 00:00:00')[0m
  [4;35;1mSQL (0.6ms)[0m   [0mCOMMIT[0m
  [4;36;1mSQL (0.1ms)[0m   [0;1mBEGIN[0m
  [4;35;1mPost Create (0.1ms)[0m   [0mINSERT INTO `posts` (`title`, `text`, `created_at`) VALUES('March', 'testing', '2009-03-01 00:00:00')[0m
  [4;36;1mSQL (0.5ms)[0m   [0;1mCOMMIT[0m
  [4;35;1mSQL (0.1ms)[0m   [0mBEGIN[0m
  [4;36;1mPost Create (0.1ms)[0m   [0;1mINSERT INTO `posts` (`title`, `text`, `created_at`) VALUES('March', 'testing', '2009-03-01 00:00:00')[0m
  [4;35;1mSQL (0.5ms)[0m   [0mCOMMIT[0m
  [4;36;1mSQL (0.1ms)[0m   [0;1mBEGIN[0m
  [4;35;1mPost Create (0.1ms)[0m   [0mINSERT INTO `posts` (`title`, `text`, `created_at`) VALUES('April', 'testing', '2009-04-01 00:00:00')[0m
  [4;36;1mSQL (0.5ms)[0m   [0;1mCOMMIT[0m
  [4;35;1mSQL (0.1ms)[0m   [0mBEGIN[0m
  [4;36;1mPost Create (0.1ms)[0m   [0;1mINSERT INTO `posts` (`title`, `text`, `created_at`) VALUES('April', 'testing', '2009-04-01 00:00:00')[0m
  [4;35;1mSQL (0.5ms)[0m   [0mCOMMIT[0m
  [4;36;1mSQL (0.1ms)[0m   [0;1mBEGIN[0m
  [4;35;1mPost Create (0.1ms)[0m   [0mINSERT INTO `posts` (`title`, `text`, `created_at`) VALUES('April', 'testing', '2009-04-01 00:00:00')[0m
  [4;36;1mSQL (0.5ms)[0m   [0;1mCOMMIT[0m
  [4;35;1mSQL (0.1ms)[0m   [0mBEGIN[0m
  [4;36;1mPost Create (0.1ms)[0m   [0;1mINSERT INTO `posts` (`title`, `text`, `created_at`) VALUES('April', 'testing', '2009-04-01 00:00:00')[0m
  [4;35;1mSQL (0.5ms)[0m   [0mCOMMIT[0m
  [4;36;1mSQL (0.1ms)[0m   [0;1mBEGIN[0m
  [4;35;1mPost Create (0.1ms)[0m   [0mINSERT INTO `posts` (`title`, `text`, `created_at`) VALUES('May', 'testing', '2009-05-01 00:00:00')[0m
  [4;36;1mSQL (0.5ms)[0m   [0;1mCOMMIT[0m
  [4;35;1mSQL (0.1ms)[0m   [0mBEGIN[0m
  [4;36;1mPost Create (0.1ms)[0m   [0;1mINSERT INTO `posts` (`title`, `text`, `created_at`) VALUES('May', 'testing', '2009-05-01 00:00:00')[0m
  [4;35;1mSQL (0.5ms)[0m   [0mCOMMIT[0m
  [4;36;1mSQL (0.1ms)[0m   [0;1mBEGIN[0m
  [4;35;1mPost Create (0.1ms)[0m   [0mINSERT INTO `posts` (`title`, `text`, `created_at`) VALUES('May', 'testing', '2009-05-01 00:00:00')[0m
  [4;36;1mSQL (0.5ms)[0m   [0;1mCOMMIT[0m
  [4;35;1mSQL (0.1ms)[0m   [0mBEGIN[0m
  [4;36;1mPost Create (0.1ms)[0m   [0;1mINSERT INTO `posts` (`title`, `text`, `created_at`) VALUES('May', 'testing', '2009-05-01 00:00:00')[0m
  [4;35;1mSQL (0.5ms)[0m   [0mCOMMIT[0m
  [4;36;1mSQL (0.1ms)[0m   [0;1mBEGIN[0m
  [4;35;1mPost Create (0.1ms)[0m   [0mINSERT INTO `posts` (`title`, `text`, `created_at`) VALUES('May', 'testing', '2009-05-01 00:00:00')[0m
  [4;36;1mSQL (0.5ms)[0m   [0;1mCOMMIT[0m
  [4;35;1mSQL (0.1ms)[0m   [0mBEGIN[0m
  [4;36;1mPost Create (0.1ms)[0m   [0;1mINSERT INTO `posts` (`title`, `text`, `created_at`) VALUES('June', 'testing', '2009-06-01 00:00:00')[0m
  [4;35;1mSQL (0.5ms)[0m   [0mCOMMIT[0m
  [4;36;1mSQL (0.1ms)[0m   [0;1mBEGIN[0m
  [4;35;1mPost Create (0.1ms)[0m   [0mINSERT INTO `posts` (`title`, `text`, `created_at`) VALUES('June', 'testing', '2009-06-01 00:00:00')[0m
  [4;36;1mSQL (0.5ms)[0m   [0;1mCOMMIT[0m
  [4;35;1mSQL (0.1ms)[0m   [0mBEGIN[0m
  [4;36;1mPost Create (0.1ms)[0m   [0;1mINSERT INTO `posts` (`title`, `text`, `created_at`) VALUES('June', 'testing', '2009-06-01 00:00:00')[0m
  [4;35;1mSQL (0.6ms)[0m   [0mCOMMIT[0m
  [4;36;1mSQL (0.1ms)[0m   [0;1mBEGIN[0m
  [4;35;1mPost Create (0.2ms)[0m   [0mINSERT INTO `posts` (`title`, `text`, `created_at`) VALUES('June', 'testing', '2009-06-01 00:00:00')[0m
  [4;36;1mSQL (0.5ms)[0m   [0;1mCOMMIT[0m
  [4;35;1mSQL (0.1ms)[0m   [0mBEGIN[0m
  [4;36;1mPost Create (0.1ms)[0m   [0;1mINSERT INTO `posts` (`title`, `text`, `created_at`) VALUES('June', 'testing', '2009-06-01 00:00:00')[0m
  [4;35;1mSQL (0.5ms)[0m   [0mCOMMIT[0m
  [4;36;1mSQL (0.1ms)[0m   [0;1mBEGIN[0m
  [4;35;1mPost Create (0.1ms)[0m   [0mINSERT INTO `posts` (`title`, `text`, `created_at`) VALUES('June', 'testing', '2009-06-01 00:00:00')[0m
  [4;36;1mSQL (0.5ms)[0m   [0;1mCOMMIT[0m
  [4;35;1mSQL (0.1ms)[0m   [0mBEGIN[0m
  [4;36;1mPost Create (0.1ms)[0m   [0;1mINSERT INTO `posts` (`title`, `text`, `created_at`) VALUES('July', 'testing', '2009-07-01 00:00:00')[0m
  [4;35;1mSQL (0.6ms)[0m   [0mCOMMIT[0m
  [4;36;1mSQL (0.1ms)[0m   [0;1mBEGIN[0m
  [4;35;1mPost Create (0.1ms)[0m   [0mINSERT INTO `posts` (`title`, `text`, `created_at`) VALUES('July', 'testing', '2009-07-01 00:00:00')[0m
  [4;36;1mSQL (0.5ms)[0m   [0;1mCOMMIT[0m
  [4;35;1mSQL (0.1ms)[0m   [0mBEGIN[0m
  [4;36;1mPost Create (0.1ms)[0m   [0;1mINSERT INTO `posts` (`title`, `text`, `created_at`) VALUES('July', 'testing', '2009-07-01 00:00:00')[0m
  [4;35;1mSQL (0.5ms)[0m   [0mCOMMIT[0m
  [4;36;1mSQL (0.1ms)[0m   [0;1mBEGIN[0m
  [4;35;1mPost Create (0.1ms)[0m   [0mINSERT INTO `posts` (`title`, `text`, `created_at`) VALUES('July', 'testing', '2009-07-01 00:00:00')[0m
  [4;36;1mSQL (0.5ms)[0m   [0;1mCOMMIT[0m
  [4;35;1mSQL (0.1ms)[0m   [0mBEGIN[0m
  [4;36;1mPost Create (0.2ms)[0m   [0;1mINSERT INTO `posts` (`title`, `text`, `created_at`) VALUES('July', 'testing', '2009-07-01 00:00:00')[0m
  [4;35;1mSQL (0.5ms)[0m   [0mCOMMIT[0m
  [4;36;1mSQL (0.1ms)[0m   [0;1mBEGIN[0m
  [4;35;1mPost Create (0.1ms)[0m   [0mINSERT INTO `posts` (`title`, `text`, `created_at`) VALUES('July', 'testing', '2009-07-01 00:00:00')[0m
  [4;36;1mSQL (0.6ms)[0m   [0;1mCOMMIT[0m
  [4;35;1mSQL (0.1ms)[0m   [0mBEGIN[0m
  [4;36;1mPost Create (0.1ms)[0m   [0;1mINSERT INTO `posts` (`title`, `text`, `created_at`) VALUES('July', 'testing', '2009-07-01 00:00:00')[0m
  [4;35;1mSQL (0.5ms)[0m   [0mCOMMIT[0m
  [4;36;1mSQL (0.1ms)[0m   [0;1mBEGIN[0m
  [4;35;1mPost Create (0.1ms)[0m   [0mINSERT INTO `posts` (`title`, `text`, `created_at`) VALUES('August', 'testing', '2009-08-01 00:00:00')[0m
  [4;36;1mSQL (0.5ms)[0m   [0;1mCOMMIT[0m
  [4;35;1mSQL (0.1ms)[0m   [0mBEGIN[0m
  [4;36;1mPost Create (0.1ms)[0m   [0;1mINSERT INTO `posts` (`title`, `text`, `created_at`) VALUES('August', 'testing', '2009-08-01 00:00:00')[0m
  [4;35;1mSQL (0.5ms)[0m   [0mCOMMIT[0m
  [4;36;1mSQL (0.1ms)[0m   [0;1mBEGIN[0m
  [4;35;1mPost Create (0.1ms)[0m   [0mINSERT INTO `posts` (`title`, `text`, `created_at`) VALUES('August', 'testing', '2009-08-01 00:00:00')[0m
  [4;36;1mSQL (0.5ms)[0m   [0;1mCOMMIT[0m
  [4;35;1mSQL (0.1ms)[0m   [0mBEGIN[0m
  [4;36;1mPost Create (0.1ms)[0m   [0;1mINSERT INTO `posts` (`title`, `text`, `created_at`) VALUES('August', 'testing', '2009-08-01 00:00:00')[0m
  [4;35;1mSQL (0.5ms)[0m   [0mCOMMIT[0m
  [4;36;1mSQL (0.1ms)[0m   [0;1mBEGIN[0m
  [4;35;1mPost Create (0.1ms)[0m   [0mINSERT INTO `posts` (`title`, `text`, `created_at`) VALUES('August', 'testing', '2009-08-01 00:00:00')[0m
  [4;36;1mSQL (0.5ms)[0m   [0;1mCOMMIT[0m
  [4;35;1mSQL (0.1ms)[0m   [0mBEGIN[0m
  [4;36;1mPost Create (0.1ms)[0m   [0;1mINSERT INTO `posts` (`title`, `text`, `created_at`) VALUES('August', 'testing', '2009-08-01 00:00:00')[0m
  [4;35;1mSQL (0.6ms)[0m   [0mCOMMIT[0m
  [4;36;1mSQL (0.1ms)[0m   [0;1mBEGIN[0m
  [4;35;1mPost Create (0.1ms)[0m   [0mINSERT INTO `posts` (`title`, `text`, `created_at`) VALUES('August', 'testing', '2009-08-01 00:00:00')[0m
  [4;36;1mSQL (0.6ms)[0m   [0;1mCOMMIT[0m
  [4;35;1mSQL (0.1ms)[0m   [0mBEGIN[0m
  [4;36;1mPost Create (0.1ms)[0m   [0;1mINSERT INTO `posts` (`title`, `text`, `created_at`) VALUES('August', 'testing', '2009-08-01 00:00:00')[0m
  [4;35;1mSQL (0.6ms)[0m   [0mCOMMIT[0m
  [4;36;1mSQL (0.1ms)[0m   [0;1mBEGIN[0m
  [4;35;1mPost Create (0.1ms)[0m   [0mINSERT INTO `posts` (`title`, `text`, `created_at`) VALUES('September', 'testing', '2009-09-01 00:00:00')[0m
  [4;36;1mSQL (0.5ms)[0m   [0;1mCOMMIT[0m
  [4;35;1mSQL (0.1ms)[0m   [0mBEGIN[0m
  [4;36;1mPost Create (0.1ms)[0m   [0;1mINSERT INTO `posts` (`title`, `text`, `created_at`) VALUES('September', 'testing', '2009-09-01 00:00:00')[0m
  [4;35;1mSQL (0.6ms)[0m   [0mCOMMIT[0m
  [4;36;1mSQL (0.1ms)[0m   [0;1mBEGIN[0m
  [4;35;1mPost Create (0.2ms)[0m   [0mINSERT INTO `posts` (`title`, `text`, `created_at`) VALUES('September', 'testing', '2009-09-01 00:00:00')[0m
  [4;36;1mSQL (0.7ms)[0m   [0;1mCOMMIT[0m
  [4;35;1mSQL (0.1ms)[0m   [0mBEGIN[0m
  [4;36;1mPost Create (0.2ms)[0m   [0;1mINSERT INTO `posts` (`title`, `text`, `created_at`) VALUES('September', 'testing', '2009-09-01 00:00:00')[0m
  [4;35;1mSQL (0.6ms)[0m   [0mCOMMIT[0m
  [4;36;1mSQL (0.1ms)[0m   [0;1mBEGIN[0m
  [4;35;1mPost Create (0.1ms)[0m   [0mINSERT INTO `posts` (`title`, `text`, `created_at`) VALUES('September', 'testing', '2009-09-01 00:00:00')[0m
  [4;36;1mSQL (0.6ms)[0m   [0;1mCOMMIT[0m
  [4;35;1mSQL (0.1ms)[0m   [0mBEGIN[0m
  [4;36;1mPost Create (0.1ms)[0m   [0;1mINSERT INTO `posts` (`title`, `text`, `created_at`) VALUES('September', 'testing', '2009-09-01 00:00:00')[0m
  [4;35;1mSQL (0.6ms)[0m   [0mCOMMIT[0m
  [4;36;1mSQL (0.1ms)[0m   [0;1mBEGIN[0m
  [4;35;1mPost Create (0.1ms)[0m   [0mINSERT INTO `posts` (`title`, `text`, `created_at`) VALUES('September', 'testing', '2009-09-01 00:00:00')[0m
  [4;36;1mSQL (0.5ms)[0m   [0;1mCOMMIT[0m
  [4;35;1mSQL (0.1ms)[0m   [0mBEGIN[0m
  [4;36;1mPost Create (0.1ms)[0m   [0;1mINSERT INTO `posts` (`title`, `text`, `created_at`) VALUES('September', 'testing', '2009-09-01 00:00:00')[0m
  [4;35;1mSQL (0.6ms)[0m   [0mCOMMIT[0m
  [4;36;1mSQL (0.1ms)[0m   [0;1mBEGIN[0m
  [4;35;1mPost Create (0.1ms)[0m   [0mINSERT INTO `posts` (`title`, `text`, `created_at`) VALUES('September', 'testing', '2009-09-01 00:00:00')[0m
  [4;36;1mSQL (0.6ms)[0m   [0;1mCOMMIT[0m
  [4;35;1mSQL (0.1ms)[0m   [0mBEGIN[0m
  [4;36;1mPost Create (0.1ms)[0m   [0;1mINSERT INTO `posts` (`title`, `text`, `created_at`) VALUES('October', 'testing', '2009-10-01 00:00:00')[0m
  [4;35;1mSQL (0.5ms)[0m   [0mCOMMIT[0m
  [4;36;1mSQL (0.1ms)[0m   [0;1mBEGIN[0m
  [4;35;1mPost Create (0.2ms)[0m   [0mINSERT INTO `posts` (`title`, `text`, `created_at`) VALUES('October', 'testing', '2009-10-01 00:00:00')[0m
  [4;36;1mSQL (0.6ms)[0m   [0;1mCOMMIT[0m
  [4;35;1mSQL (0.1ms)[0m   [0mBEGIN[0m
  [4;36;1mPost Create (0.1ms)[0m   [0;1mINSERT INTO `posts` (`title`, `text`, `created_at`) VALUES('October', 'testing', '2009-10-01 00:00:00')[0m
  [4;35;1mSQL (0.5ms)[0m   [0mCOMMIT[0m
  [4;36;1mSQL (0.1ms)[0m   [0;1mBEGIN[0m
  [4;35;1mPost Create (0.1ms)[0m   [0mINSERT INTO `posts` (`title`, `text`, `created_at`) VALUES('October', 'testing', '2009-10-01 00:00:00')[0m
  [4;36;1mSQL (0.7ms)[0m   [0;1mCOMMIT[0m
  [4;35;1mSQL (0.1ms)[0m   [0mBEGIN[0m
  [4;36;1mPost Create (0.1ms)[0m   [0;1mINSERT INTO `posts` (`title`, `text`, `created_at`) VALUES('October', 'testing', '2009-10-01 00:00:00')[0m
  [4;35;1mSQL (0.6ms)[0m   [0mCOMMIT[0m
  [4;36;1mSQL (0.1ms)[0m   [0;1mBEGIN[0m
  [4;35;1mPost Create (0.1ms)[0m   [0mINSERT INTO `posts` (`title`, `text`, `created_at`) VALUES('October', 'testing', '2009-10-01 00:00:00')[0m
  [4;36;1mSQL (0.5ms)[0m   [0;1mCOMMIT[0m
  [4;35;1mSQL (0.1ms)[0m   [0mBEGIN[0m
  [4;36;1mPost Create (0.1ms)[0m   [0;1mINSERT INTO `posts` (`title`, `text`, `created_at`) VALUES('October', 'testing', '2009-10-01 00:00:00')[0m
  [4;35;1mSQL (0.8ms)[0m   [0mCOMMIT[0m
  [4;36;1mSQL (0.1ms)[0m   [0;1mBEGIN[0m
  [4;35;1mPost Create (0.1ms)[0m   [0mINSERT INTO `posts` (`title`, `text`, `created_at`) VALUES('October', 'testing', '2009-10-01 00:00:00')[0m
  [4;36;1mSQL (0.6ms)[0m   [0;1mCOMMIT[0m
  [4;35;1mSQL (0.1ms)[0m   [0mBEGIN[0m
  [4;36;1mPost Create (0.1ms)[0m   [0;1mINSERT INTO `posts` (`title`, `text`, `created_at`) VALUES('October', 'testing', '2009-10-01 00:00:00')[0m
  [4;35;1mSQL (0.6ms)[0m   [0mCOMMIT[0m
  [4;36;1mSQL (0.1ms)[0m   [0;1mBEGIN[0m
  [4;35;1mPost Create (0.1ms)[0m   [0mINSERT INTO `posts` (`title`, `text`, `created_at`) VALUES('October', 'testing', '2009-10-01 00:00:00')[0m
  [4;36;1mSQL (0.6ms)[0m   [0;1mCOMMIT[0m
  [4;35;1mSQL (0.1ms)[0m   [0mBEGIN[0m
  [4;36;1mPost Create (0.1ms)[0m   [0;1mINSERT INTO `posts` (`title`, `text`, `created_at`) VALUES('November', 'testing', '2009-11-01 00:00:00')[0m
  [4;35;1mSQL (0.6ms)[0m   [0mCOMMIT[0m
  [4;36;1mSQL (0.1ms)[0m   [0;1mBEGIN[0m
  [4;35;1mPost Create (0.1ms)[0m   [0mINSERT INTO `posts` (`title`, `text`, `created_at`) VALUES('November', 'testing', '2009-11-01 00:00:00')[0m
  [4;36;1mSQL (0.5ms)[0m   [0;1mCOMMIT[0m
  [4;35;1mSQL (0.1ms)[0m   [0mBEGIN[0m
  [4;36;1mPost Create (0.1ms)[0m   [0;1mINSERT INTO `posts` (`title`, `text`, `created_at`) VALUES('November', 'testing', '2009-11-01 00:00:00')[0m
  [4;35;1mSQL (0.6ms)[0m   [0mCOMMIT[0m
  [4;36;1mSQL (0.1ms)[0m   [0;1mBEGIN[0m
  [4;35;1mPost Create (0.1ms)[0m   [0mINSERT INTO `posts` (`title`, `text`, `created_at`) VALUES('November', 'testing', '2009-11-01 00:00:00')[0m
  [4;36;1mSQL (0.7ms)[0m   [0;1mCOMMIT[0m
  [4;35;1mSQL (0.1ms)[0m   [0mBEGIN[0m
  [4;36;1mPost Create (0.2ms)[0m   [0;1mINSERT INTO `posts` (`title`, `text`, `created_at`) VALUES('November', 'testing', '2009-11-01 00:00:00')[0m
  [4;35;1mSQL (0.5ms)[0m   [0mCOMMIT[0m
  [4;36;1mSQL (0.1ms)[0m   [0;1mBEGIN[0m
  [4;35;1mPost Create (0.1ms)[0m   [0mINSERT INTO `posts` (`title`, `text`, `created_at`) VALUES('November', 'testing', '2009-11-01 00:00:00')[0m
  [4;36;1mSQL (0.5ms)[0m   [0;1mCOMMIT[0m
  [4;35;1mSQL (0.1ms)[0m   [0mBEGIN[0m
  [4;36;1mPost Create (0.1ms)[0m   [0;1mINSERT INTO `posts` (`title`, `text`, `created_at`) VALUES('November', 'testing', '2009-11-01 00:00:00')[0m
  [4;35;1mSQL (0.6ms)[0m   [0mCOMMIT[0m
  [4;36;1mSQL (0.1ms)[0m   [0;1mBEGIN[0m
  [4;35;1mPost Create (0.1ms)[0m   [0mINSERT INTO `posts` (`title`, `text`, `created_at`) VALUES('November', 'testing', '2009-11-01 00:00:00')[0m
  [4;36;1mSQL (0.5ms)[0m   [0;1mCOMMIT[0m
  [4;35;1mSQL (0.1ms)[0m   [0mBEGIN[0m
  [4;36;1mPost Create (0.1ms)[0m   [0;1mINSERT INTO `posts` (`title`, `text`, `created_at`) VALUES('November', 'testing', '2009-11-01 00:00:00')[0m
  [4;35;1mSQL (0.5ms)[0m   [0mCOMMIT[0m
  [4;36;1mSQL (0.1ms)[0m   [0;1mBEGIN[0m
  [4;35;1mPost Create (0.2ms)[0m   [0mINSERT INTO `posts` (`title`, `text`, `created_at`) VALUES('November', 'testing', '2009-11-01 00:00:00')[0m
  [4;36;1mSQL (0.5ms)[0m   [0;1mCOMMIT[0m
  [4;35;1mSQL (0.1ms)[0m   [0mBEGIN[0m
  [4;36;1mPost Create (0.1ms)[0m   [0;1mINSERT INTO `posts` (`title`, `text`, `created_at`) VALUES('November', 'testing', '2009-11-01 00:00:00')[0m
  [4;35;1mSQL (0.7ms)[0m   [0mCOMMIT[0m
  [4;36;1mSQL (0.1ms)[0m   [0;1mBEGIN[0m
  [4;35;1mPost Create (0.1ms)[0m   [0mINSERT INTO `posts` (`title`, `text`, `created_at`) VALUES('December', 'testing', '2009-12-01 00:00:00')[0m
  [4;36;1mSQL (0.5ms)[0m   [0;1mCOMMIT[0m
  [4;35;1mSQL (0.1ms)[0m   [0mBEGIN[0m
  [4;36;1mPost Create (0.1ms)[0m   [0;1mINSERT INTO `posts` (`title`, `text`, `created_at`) VALUES('December', 'testing', '2009-12-01 00:00:00')[0m
  [4;35;1mSQL (0.5ms)[0m   [0mCOMMIT[0m
  [4;36;1mSQL (0.1ms)[0m   [0;1mBEGIN[0m
  [4;35;1mPost Create (0.1ms)[0m   [0mINSERT INTO `posts` (`title`, `text`, `created_at`) VALUES('December', 'testing', '2009-12-01 00:00:00')[0m
  [4;36;1mSQL (0.5ms)[0m   [0;1mCOMMIT[0m
  [4;35;1mSQL (0.1ms)[0m   [0mBEGIN[0m
  [4;36;1mPost Create (0.1ms)[0m   [0;1mINSERT INTO `posts` (`title`, `text`, `created_at`) VALUES('December', 'testing', '2009-12-01 00:00:00')[0m
  [4;35;1mSQL (0.5ms)[0m   [0mCOMMIT[0m
  [4;36;1mSQL (0.1ms)[0m   [0;1mBEGIN[0m
  [4;35;1mPost Create (0.1ms)[0m   [0mINSERT INTO `posts` (`title`, `text`, `created_at`) VALUES('December', 'testing', '2009-12-01 00:00:00')[0m
  [4;36;1mSQL (0.5ms)[0m   [0;1mCOMMIT[0m
  [4;35;1mSQL (0.1ms)[0m   [0mBEGIN[0m
  [4;36;1mPost Create (0.1ms)[0m   [0;1mINSERT INTO `posts` (`title`, `text`, `created_at`) VALUES('December', 'testing', '2009-12-01 00:00:00')[0m
  [4;35;1mSQL (0.5ms)[0m   [0mCOMMIT[0m
  [4;36;1mSQL (0.1ms)[0m   [0;1mBEGIN[0m
  [4;35;1mPost Create (0.1ms)[0m   [0mINSERT INTO `posts` (`title`, `text`, `created_at`) VALUES('December', 'testing', '2009-12-01 00:00:00')[0m
  [4;36;1mSQL (0.7ms)[0m   [0;1mCOMMIT[0m
  [4;35;1mSQL (0.1ms)[0m   [0mBEGIN[0m
  [4;36;1mPost Create (0.1ms)[0m   [0;1mINSERT INTO `posts` (`title`, `text`, `created_at`) VALUES('December', 'testing', '2009-12-01 00:00:00')[0m
  [4;35;1mSQL (0.6ms)[0m   [0mCOMMIT[0m
  [4;36;1mSQL (0.1ms)[0m   [0;1mBEGIN[0m
  [4;35;1mPost Create (0.1ms)[0m   [0mINSERT INTO `posts` (`title`, `text`, `created_at`) VALUES('December', 'testing', '2009-12-01 00:00:00')[0m
  [4;36;1mSQL (0.5ms)[0m   [0;1mCOMMIT[0m
  [4;35;1mSQL (0.1ms)[0m   [0mBEGIN[0m
  [4;36;1mPost Create (0.1ms)[0m   [0;1mINSERT INTO `posts` (`title`, `text`, `created_at`) VALUES('December', 'testing', '2009-12-01 00:00:00')[0m
  [4;35;1mSQL (0.6ms)[0m   [0mCOMMIT[0m
  [4;36;1mSQL (0.1ms)[0m   [0;1mBEGIN[0m
  [4;35;1mPost Create (0.1ms)[0m   [0mINSERT INTO `posts` (`title`, `text`, `created_at`) VALUES('December', 'testing', '2009-12-01 00:00:00')[0m
  [4;36;1mSQL (0.6ms)[0m   [0;1mCOMMIT[0m
  [4;35;1mSQL (0.1ms)[0m   [0mBEGIN[0m
  [4;36;1mPost Create (0.1ms)[0m   [0;1mINSERT INTO `posts` (`title`, `text`, `created_at`) VALUES('December', 'testing', '2009-12-01 00:00:00')[0m
  [4;35;1mSQL (0.6ms)[0m   [0mCOMMIT[0m
  [4;36;1mPost Load (0.6ms)[0m   [0;1mSELECT * FROM `posts` [0m
  [4;36;1mSQL (0.2ms)[0m   [0;1mSET SQL_AUTO_IS_NULL=0[0m
  [4;35;1mSQL (2.1ms)[0m   [0mDROP TABLE IF EXISTS `posts`[0m
  [4;36;1mSQL (2.0ms)[0m   [0;1m

CREATE TABLE `posts` (
 `id` int(11) NOT NULL auto_increment,
 `title` varchar(255) NOT NULL,
 `text` text NOT NULL,
 `created_at` datetime NOT NULL,
 PRIMARY KEY (`id`)
) ENGINE=InnoDB DEFAULT CHARSET=utf8[0m
  [4;35;1mPost Columns (1.7ms)[0m   [0mSHOW FIELDS FROM `posts`[0m
  [4;36;1mSQL (0.1ms)[0m   [0;1mBEGIN[0m
  [4;35;1mPost Create (0.3ms)[0m   [0mINSERT INTO `posts` (`title`, `text`, `created_at`) VALUES('January', 'testing', '2009-01-01 00:00:00')[0m
  [4;36;1mSQL (0.6ms)[0m   [0;1mCOMMIT[0m
  [4;35;1mSQL (0.1ms)[0m   [0mBEGIN[0m
  [4;36;1mPost Create (0.1ms)[0m   [0;1mINSERT INTO `posts` (`title`, `text`, `created_at`) VALUES('February', 'testing', '2009-02-01 00:00:00')[0m
  [4;35;1mSQL (0.5ms)[0m   [0mCOMMIT[0m
  [4;36;1mSQL (0.1ms)[0m   [0;1mBEGIN[0m
  [4;35;1mPost Create (0.1ms)[0m   [0mINSERT INTO `posts` (`title`, `text`, `created_at`) VALUES('February', 'testing', '2009-02-01 00:00:00')[0m
  [4;36;1mSQL (0.5ms)[0m   [0;1mCOMMIT[0m
  [4;35;1mSQL (0.1ms)[0m   [0mBEGIN[0m
  [4;36;1mPost Create (0.1ms)[0m   [0;1mINSERT INTO `posts` (`title`, `text`, `created_at`) VALUES('March', 'testing', '2009-03-01 00:00:00')[0m
  [4;35;1mSQL (0.6ms)[0m   [0mCOMMIT[0m
  [4;36;1mSQL (0.1ms)[0m   [0;1mBEGIN[0m
  [4;35;1mPost Create (0.1ms)[0m   [0mINSERT INTO `posts` (`title`, `text`, `created_at`) VALUES('March', 'testing', '2009-03-01 00:00:00')[0m
  [4;36;1mSQL (0.6ms)[0m   [0;1mCOMMIT[0m
  [4;35;1mSQL (0.1ms)[0m   [0mBEGIN[0m
  [4;36;1mPost Create (0.1ms)[0m   [0;1mINSERT INTO `posts` (`title`, `text`, `created_at`) VALUES('March', 'testing', '2009-03-01 00:00:00')[0m
  [4;35;1mSQL (0.6ms)[0m   [0mCOMMIT[0m
  [4;36;1mSQL (0.1ms)[0m   [0;1mBEGIN[0m
  [4;35;1mPost Create (0.1ms)[0m   [0mINSERT INTO `posts` (`title`, `text`, `created_at`) VALUES('April', 'testing', '2009-04-01 00:00:00')[0m
  [4;36;1mSQL (0.7ms)[0m   [0;1mCOMMIT[0m
  [4;35;1mSQL (0.1ms)[0m   [0mBEGIN[0m
  [4;36;1mPost Create (0.1ms)[0m   [0;1mINSERT INTO `posts` (`title`, `text`, `created_at`) VALUES('April', 'testing', '2009-04-01 00:00:00')[0m
  [4;35;1mSQL (0.7ms)[0m   [0mCOMMIT[0m
  [4;36;1mSQL (0.1ms)[0m   [0;1mBEGIN[0m
  [4;35;1mPost Create (0.1ms)[0m   [0mINSERT INTO `posts` (`title`, `text`, `created_at`) VALUES('April', 'testing', '2009-04-01 00:00:00')[0m
  [4;36;1mSQL (0.6ms)[0m   [0;1mCOMMIT[0m
  [4;35;1mSQL (0.1ms)[0m   [0mBEGIN[0m
  [4;36;1mPost Create (0.1ms)[0m   [0;1mINSERT INTO `posts` (`title`, `text`, `created_at`) VALUES('April', 'testing', '2009-04-01 00:00:00')[0m
  [4;35;1mSQL (0.6ms)[0m   [0mCOMMIT[0m
  [4;36;1mSQL (0.1ms)[0m   [0;1mBEGIN[0m
  [4;35;1mPost Create (0.1ms)[0m   [0mINSERT INTO `posts` (`title`, `text`, `created_at`) VALUES('May', 'testing', '2009-05-01 00:00:00')[0m
  [4;36;1mSQL (0.5ms)[0m   [0;1mCOMMIT[0m
  [4;35;1mSQL (0.1ms)[0m   [0mBEGIN[0m
  [4;36;1mPost Create (0.1ms)[0m   [0;1mINSERT INTO `posts` (`title`, `text`, `created_at`) VALUES('May', 'testing', '2009-05-01 00:00:00')[0m
  [4;35;1mSQL (0.6ms)[0m   [0mCOMMIT[0m
  [4;36;1mSQL (0.1ms)[0m   [0;1mBEGIN[0m
  [4;35;1mPost Create (0.1ms)[0m   [0mINSERT INTO `posts` (`title`, `text`, `created_at`) VALUES('May', 'testing', '2009-05-01 00:00:00')[0m
  [4;36;1mSQL (0.5ms)[0m   [0;1mCOMMIT[0m
  [4;35;1mSQL (0.1ms)[0m   [0mBEGIN[0m
  [4;36;1mPost Create (0.1ms)[0m   [0;1mINSERT INTO `posts` (`title`, `text`, `created_at`) VALUES('May', 'testing', '2009-05-01 00:00:00')[0m
  [4;35;1mSQL (0.5ms)[0m   [0mCOMMIT[0m
  [4;36;1mSQL (0.1ms)[0m   [0;1mBEGIN[0m
  [4;35;1mPost Create (0.1ms)[0m   [0mINSERT INTO `posts` (`title`, `text`, `created_at`) VALUES('May', 'testing', '2009-05-01 00:00:00')[0m
  [4;36;1mSQL (0.7ms)[0m   [0;1mCOMMIT[0m
  [4;35;1mSQL (0.1ms)[0m   [0mBEGIN[0m
  [4;36;1mPost Create (0.1ms)[0m   [0;1mINSERT INTO `posts` (`title`, `text`, `created_at`) VALUES('June', 'testing', '2009-06-01 00:00:00')[0m
  [4;35;1mSQL (0.6ms)[0m   [0mCOMMIT[0m
  [4;36;1mSQL (0.1ms)[0m   [0;1mBEGIN[0m
  [4;35;1mPost Create (0.1ms)[0m   [0mINSERT INTO `posts` (`title`, `text`, `created_at`) VALUES('June', 'testing', '2009-06-01 00:00:00')[0m
  [4;36;1mSQL (0.6ms)[0m   [0;1mCOMMIT[0m
  [4;35;1mSQL (0.1ms)[0m   [0mBEGIN[0m
  [4;36;1mPost Create (0.1ms)[0m   [0;1mINSERT INTO `posts` (`title`, `text`, `created_at`) VALUES('June', 'testing', '2009-06-01 00:00:00')[0m
  [4;35;1mSQL (0.6ms)[0m   [0mCOMMIT[0m
  [4;36;1mSQL (0.1ms)[0m   [0;1mBEGIN[0m
  [4;35;1mPost Create (0.2ms)[0m   [0mINSERT INTO `posts` (`title`, `text`, `created_at`) VALUES('June', 'testing', '2009-06-01 00:00:00')[0m
  [4;36;1mSQL (0.5ms)[0m   [0;1mCOMMIT[0m
  [4;35;1mSQL (0.1ms)[0m   [0mBEGIN[0m
  [4;36;1mPost Create (0.1ms)[0m   [0;1mINSERT INTO `posts` (`title`, `text`, `created_at`) VALUES('June', 'testing', '2009-06-01 00:00:00')[0m
  [4;35;1mSQL (0.7ms)[0m   [0mCOMMIT[0m
  [4;36;1mSQL (0.1ms)[0m   [0;1mBEGIN[0m
  [4;35;1mPost Create (0.1ms)[0m   [0mINSERT INTO `posts` (`title`, `text`, `created_at`) VALUES('June', 'testing', '2009-06-01 00:00:00')[0m
  [4;36;1mSQL (0.5ms)[0m   [0;1mCOMMIT[0m
  [4;35;1mSQL (0.1ms)[0m   [0mBEGIN[0m
  [4;36;1mPost Create (0.1ms)[0m   [0;1mINSERT INTO `posts` (`title`, `text`, `created_at`) VALUES('July', 'testing', '2009-07-01 00:00:00')[0m
  [4;35;1mSQL (0.5ms)[0m   [0mCOMMIT[0m
  [4;36;1mSQL (0.1ms)[0m   [0;1mBEGIN[0m
  [4;35;1mPost Create (0.1ms)[0m   [0mINSERT INTO `posts` (`title`, `text`, `created_at`) VALUES('July', 'testing', '2009-07-01 00:00:00')[0m
  [4;36;1mSQL (0.5ms)[0m   [0;1mCOMMIT[0m
  [4;35;1mSQL (0.1ms)[0m   [0mBEGIN[0m
  [4;36;1mPost Create (0.2ms)[0m   [0;1mINSERT INTO `posts` (`title`, `text`, `created_at`) VALUES('July', 'testing', '2009-07-01 00:00:00')[0m
  [4;35;1mSQL (0.6ms)[0m   [0mCOMMIT[0m
  [4;36;1mSQL (0.1ms)[0m   [0;1mBEGIN[0m
  [4;35;1mPost Create (0.1ms)[0m   [0mINSERT INTO `posts` (`title`, `text`, `created_at`) VALUES('July', 'testing', '2009-07-01 00:00:00')[0m
  [4;36;1mSQL (0.6ms)[0m   [0;1mCOMMIT[0m
  [4;35;1mSQL (0.1ms)[0m   [0mBEGIN[0m
  [4;36;1mPost Create (0.1ms)[0m   [0;1mINSERT INTO `posts` (`title`, `text`, `created_at`) VALUES('July', 'testing', '2009-07-01 00:00:00')[0m
  [4;35;1mSQL (0.5ms)[0m   [0mCOMMIT[0m
  [4;36;1mSQL (0.1ms)[0m   [0;1mBEGIN[0m
  [4;35;1mPost Create (0.1ms)[0m   [0mINSERT INTO `posts` (`title`, `text`, `created_at`) VALUES('July', 'testing', '2009-07-01 00:00:00')[0m
  [4;36;1mSQL (0.7ms)[0m   [0;1mCOMMIT[0m
  [4;35;1mSQL (0.1ms)[0m   [0mBEGIN[0m
  [4;36;1mPost Create (0.1ms)[0m   [0;1mINSERT INTO `posts` (`title`, `text`, `created_at`) VALUES('July', 'testing', '2009-07-01 00:00:00')[0m
  [4;35;1mSQL (0.6ms)[0m   [0mCOMMIT[0m
  [4;36;1mSQL (0.1ms)[0m   [0;1mBEGIN[0m
  [4;35;1mPost Create (0.1ms)[0m   [0mINSERT INTO `posts` (`title`, `text`, `created_at`) VALUES('August', 'testing', '2009-08-01 00:00:00')[0m
  [4;36;1mSQL (0.5ms)[0m   [0;1mCOMMIT[0m
  [4;35;1mSQL (0.1ms)[0m   [0mBEGIN[0m
  [4;36;1mPost Create (0.1ms)[0m   [0;1mINSERT INTO `posts` (`title`, `text`, `created_at`) VALUES('August', 'testing', '2009-08-01 00:00:00')[0m
  [4;35;1mSQL (0.6ms)[0m   [0mCOMMIT[0m
  [4;36;1mSQL (0.1ms)[0m   [0;1mBEGIN[0m
  [4;35;1mPost Create (0.1ms)[0m   [0mINSERT INTO `posts` (`title`, `text`, `created_at`) VALUES('August', 'testing', '2009-08-01 00:00:00')[0m
  [4;36;1mSQL (0.5ms)[0m   [0;1mCOMMIT[0m
  [4;35;1mSQL (0.1ms)[0m   [0mBEGIN[0m
  [4;36;1mPost Create (0.2ms)[0m   [0;1mINSERT INTO `posts` (`title`, `text`, `created_at`) VALUES('August', 'testing', '2009-08-01 00:00:00')[0m
  [4;35;1mSQL (0.7ms)[0m   [0mCOMMIT[0m
  [4;36;1mSQL (0.1ms)[0m   [0;1mBEGIN[0m
  [4;35;1mPost Create (0.1ms)[0m   [0mINSERT INTO `posts` (`title`, `text`, `created_at`) VALUES('August', 'testing', '2009-08-01 00:00:00')[0m
  [4;36;1mSQL (0.6ms)[0m   [0;1mCOMMIT[0m
  [4;35;1mSQL (0.1ms)[0m   [0mBEGIN[0m
  [4;36;1mPost Create (0.1ms)[0m   [0;1mINSERT INTO `posts` (`title`, `text`, `created_at`) VALUES('August', 'testing', '2009-08-01 00:00:00')[0m
  [4;35;1mSQL (0.5ms)[0m   [0mCOMMIT[0m
  [4;36;1mSQL (0.1ms)[0m   [0;1mBEGIN[0m
  [4;35;1mPost Create (0.1ms)[0m   [0mINSERT INTO `posts` (`title`, `text`, `created_at`) VALUES('August', 'testing', '2009-08-01 00:00:00')[0m
  [4;36;1mSQL (0.6ms)[0m   [0;1mCOMMIT[0m
  [4;35;1mSQL (0.1ms)[0m   [0mBEGIN[0m
  [4;36;1mPost Create (0.1ms)[0m   [0;1mINSERT INTO `posts` (`title`, `text`, `created_at`) VALUES('August', 'testing', '2009-08-01 00:00:00')[0m
  [4;35;1mSQL (0.5ms)[0m   [0mCOMMIT[0m
  [4;36;1mSQL (0.1ms)[0m   [0;1mBEGIN[0m
  [4;35;1mPost Create (0.1ms)[0m   [0mINSERT INTO `posts` (`title`, `text`, `created_at`) VALUES('September', 'testing', '2009-09-01 00:00:00')[0m
  [4;36;1mSQL (0.7ms)[0m   [0;1mCOMMIT[0m
  [4;35;1mSQL (0.1ms)[0m   [0mBEGIN[0m
  [4;36;1mPost Create (0.1ms)[0m   [0;1mINSERT INTO `posts` (`title`, `text`, `created_at`) VALUES('September', 'testing', '2009-09-01 00:00:00')[0m
  [4;35;1mSQL (0.5ms)[0m   [0mCOMMIT[0m
  [4;36;1mSQL (0.1ms)[0m   [0;1mBEGIN[0m
  [4;35;1mPost Create (0.2ms)[0m   [0mINSERT INTO `posts` (`title`, `text`, `created_at`) VALUES('September', 'testing', '2009-09-01 00:00:00')[0m
  [4;36;1mSQL (0.5ms)[0m   [0;1mCOMMIT[0m
  [4;35;1mSQL (0.1ms)[0m   [0mBEGIN[0m
  [4;36;1mPost Create (0.1ms)[0m   [0;1mINSERT INTO `posts` (`title`, `text`, `created_at`) VALUES('September', 'testing', '2009-09-01 00:00:00')[0m
  [4;35;1mSQL (0.6ms)[0m   [0mCOMMIT[0m
  [4;36;1mSQL (0.1ms)[0m   [0;1mBEGIN[0m
  [4;35;1mPost Create (0.1ms)[0m   [0mINSERT INTO `posts` (`title`, `text`, `created_at`) VALUES('September', 'testing', '2009-09-01 00:00:00')[0m
  [4;36;1mSQL (0.5ms)[0m   [0;1mCOMMIT[0m
  [4;35;1mSQL (0.1ms)[0m   [0mBEGIN[0m
  [4;36;1mPost Create (0.1ms)[0m   [0;1mINSERT INTO `posts` (`title`, `text`, `created_at`) VALUES('September', 'testing', '2009-09-01 00:00:00')[0m
  [4;35;1mSQL (0.6ms)[0m   [0mCOMMIT[0m
  [4;36;1mSQL (0.1ms)[0m   [0;1mBEGIN[0m
  [4;35;1mPost Create (0.1ms)[0m   [0mINSERT INTO `posts` (`title`, `text`, `created_at`) VALUES('September', 'testing', '2009-09-01 00:00:00')[0m
  [4;36;1mSQL (0.6ms)[0m   [0;1mCOMMIT[0m
  [4;35;1mSQL (0.1ms)[0m   [0mBEGIN[0m
  [4;36;1mPost Create (0.2ms)[0m   [0;1mINSERT INTO `posts` (`title`, `text`, `created_at`) VALUES('September', 'testing', '2009-09-01 00:00:00')[0m
  [4;35;1mSQL (0.5ms)[0m   [0mCOMMIT[0m
  [4;36;1mSQL (0.1ms)[0m   [0;1mBEGIN[0m
  [4;35;1mPost Create (0.1ms)[0m   [0mINSERT INTO `posts` (`title`, `text`, `created_at`) VALUES('September', 'testing', '2009-09-01 00:00:00')[0m
  [4;36;1mSQL (0.6ms)[0m   [0;1mCOMMIT[0m
  [4;35;1mSQL (0.1ms)[0m   [0mBEGIN[0m
  [4;36;1mPost Create (0.1ms)[0m   [0;1mINSERT INTO `posts` (`title`, `text`, `created_at`) VALUES('October', 'testing', '2009-10-01 00:00:00')[0m
  [4;35;1mSQL (0.5ms)[0m   [0mCOMMIT[0m
  [4;36;1mSQL (0.1ms)[0m   [0;1mBEGIN[0m
  [4;35;1mPost Create (0.1ms)[0m   [0mINSERT INTO `posts` (`title`, `text`, `created_at`) VALUES('October', 'testing', '2009-10-01 00:00:00')[0m
  [4;36;1mSQL (0.7ms)[0m   [0;1mCOMMIT[0m
  [4;35;1mSQL (0.1ms)[0m   [0mBEGIN[0m
  [4;36;1mPost Create (0.1ms)[0m   [0;1mINSERT INTO `posts` (`title`, `text`, `created_at`) VALUES('October', 'testing', '2009-10-01 00:00:00')[0m
  [4;35;1mSQL (0.6ms)[0m   [0mCOMMIT[0m
  [4;36;1mSQL (0.1ms)[0m   [0;1mBEGIN[0m
  [4;35;1mPost Create (0.1ms)[0m   [0mINSERT INTO `posts` (`title`, `text`, `created_at`) VALUES('October', 'testing', '2009-10-01 00:00:00')[0m
  [4;36;1mSQL (0.4ms)[0m   [0;1mCOMMIT[0m
  [4;35;1mSQL (0.1ms)[0m   [0mBEGIN[0m
  [4;36;1mPost Create (0.1ms)[0m   [0;1mINSERT INTO `posts` (`title`, `text`, `created_at`) VALUES('October', 'testing', '2009-10-01 00:00:00')[0m
  [4;35;1mSQL (0.7ms)[0m   [0mCOMMIT[0m
  [4;36;1mSQL (0.1ms)[0m   [0;1mBEGIN[0m
  [4;35;1mPost Create (0.1ms)[0m   [0mINSERT INTO `posts` (`title`, `text`, `created_at`) VALUES('October', 'testing', '2009-10-01 00:00:00')[0m
  [4;36;1mSQL (0.5ms)[0m   [0;1mCOMMIT[0m
  [4;35;1mSQL (0.1ms)[0m   [0mBEGIN[0m
  [4;36;1mPost Create (0.1ms)[0m   [0;1mINSERT INTO `posts` (`title`, `text`, `created_at`) VALUES('October', 'testing', '2009-10-01 00:00:00')[0m
  [4;35;1mSQL (0.6ms)[0m   [0mCOMMIT[0m
  [4;36;1mSQL (0.1ms)[0m   [0;1mBEGIN[0m
  [4;35;1mPost Create (0.2ms)[0m   [0mINSERT INTO `posts` (`title`, `text`, `created_at`) VALUES('October', 'testing', '2009-10-01 00:00:00')[0m
  [4;36;1mSQL (0.6ms)[0m   [0;1mCOMMIT[0m
  [4;35;1mSQL (0.1ms)[0m   [0mBEGIN[0m
  [4;36;1mPost Create (0.1ms)[0m   [0;1mINSERT INTO `posts` (`title`, `text`, `created_at`) VALUES('October', 'testing', '2009-10-01 00:00:00')[0m
  [4;35;1mSQL (0.7ms)[0m   [0mCOMMIT[0m
  [4;36;1mSQL (0.1ms)[0m   [0;1mBEGIN[0m
  [4;35;1mPost Create (0.1ms)[0m   [0mINSERT INTO `posts` (`title`, `text`, `created_at`) VALUES('October', 'testing', '2009-10-01 00:00:00')[0m
  [4;36;1mSQL (0.6ms)[0m   [0;1mCOMMIT[0m
  [4;35;1mSQL (0.1ms)[0m   [0mBEGIN[0m
  [4;36;1mPost Create (0.1ms)[0m   [0;1mINSERT INTO `posts` (`title`, `text`, `created_at`) VALUES('November', 'testing', '2009-11-01 00:00:00')[0m
  [4;35;1mSQL (0.5ms)[0m   [0mCOMMIT[0m
  [4;36;1mSQL (0.1ms)[0m   [0;1mBEGIN[0m
  [4;35;1mPost Create (0.1ms)[0m   [0mINSERT INTO `posts` (`title`, `text`, `created_at`) VALUES('November', 'testing', '2009-11-01 00:00:00')[0m
  [4;36;1mSQL (0.5ms)[0m   [0;1mCOMMIT[0m
  [4;35;1mSQL (0.1ms)[0m   [0mBEGIN[0m
  [4;36;1mPost Create (0.2ms)[0m   [0;1mINSERT INTO `posts` (`title`, `text`, `created_at`) VALUES('November', 'testing', '2009-11-01 00:00:00')[0m
  [4;35;1mSQL (0.6ms)[0m   [0mCOMMIT[0m
  [4;36;1mSQL (0.1ms)[0m   [0;1mBEGIN[0m
  [4;35;1mPost Create (0.1ms)[0m   [0mINSERT INTO `posts` (`title`, `text`, `created_at`) VALUES('November', 'testing', '2009-11-01 00:00:00')[0m
  [4;36;1mSQL (0.5ms)[0m   [0;1mCOMMIT[0m
  [4;35;1mSQL (0.1ms)[0m   [0mBEGIN[0m
  [4;36;1mPost Create (0.2ms)[0m   [0;1mINSERT INTO `posts` (`title`, `text`, `created_at`) VALUES('November', 'testing', '2009-11-01 00:00:00')[0m
  [4;35;1mSQL (0.6ms)[0m   [0mCOMMIT[0m
  [4;36;1mSQL (0.1ms)[0m   [0;1mBEGIN[0m
  [4;35;1mPost Create (0.1ms)[0m   [0mINSERT INTO `posts` (`title`, `text`, `created_at`) VALUES('November', 'testing', '2009-11-01 00:00:00')[0m
  [4;36;1mSQL (0.7ms)[0m   [0;1mCOMMIT[0m
  [4;35;1mSQL (0.1ms)[0m   [0mBEGIN[0m
  [4;36;1mPost Create (0.1ms)[0m   [0;1mINSERT INTO `posts` (`title`, `text`, `created_at`) VALUES('November', 'testing', '2009-11-01 00:00:00')[0m
  [4;35;1mSQL (0.6ms)[0m   [0mCOMMIT[0m
  [4;36;1mSQL (0.1ms)[0m   [0;1mBEGIN[0m
  [4;35;1mPost Create (0.1ms)[0m   [0mINSERT INTO `posts` (`title`, `text`, `created_at`) VALUES('November', 'testing', '2009-11-01 00:00:00')[0m
  [4;36;1mSQL (0.5ms)[0m   [0;1mCOMMIT[0m
  [4;35;1mSQL (0.1ms)[0m   [0mBEGIN[0m
  [4;36;1mPost Create (0.1ms)[0m   [0;1mINSERT INTO `posts` (`title`, `text`, `created_at`) VALUES('November', 'testing', '2009-11-01 00:00:00')[0m
  [4;35;1mSQL (0.6ms)[0m   [0mCOMMIT[0m
  [4;36;1mSQL (0.1ms)[0m   [0;1mBEGIN[0m
  [4;35;1mPost Create (0.1ms)[0m   [0mINSERT INTO `posts` (`title`, `text`, `created_at`) VALUES('November', 'testing', '2009-11-01 00:00:00')[0m
  [4;36;1mSQL (0.5ms)[0m   [0;1mCOMMIT[0m
  [4;35;1mSQL (0.1ms)[0m   [0mBEGIN[0m
  [4;36;1mPost Create (0.1ms)[0m   [0;1mINSERT INTO `posts` (`title`, `text`, `created_at`) VALUES('November', 'testing', '2009-11-01 00:00:00')[0m
  [4;35;1mSQL (0.6ms)[0m   [0mCOMMIT[0m
  [4;36;1mSQL (0.0ms)[0m   [0;1mBEGIN[0m
  [4;35;1mPost Create (0.1ms)[0m   [0mINSERT INTO `posts` (`title`, `text`, `created_at`) VALUES('December', 'testing', '2009-12-01 00:00:00')[0m
  [4;36;1mSQL (0.5ms)[0m   [0;1mCOMMIT[0m
  [4;35;1mSQL (0.1ms)[0m   [0mBEGIN[0m
  [4;36;1mPost Create (0.2ms)[0m   [0;1mINSERT INTO `posts` (`title`, `text`, `created_at`) VALUES('December', 'testing', '2009-12-01 00:00:00')[0m
  [4;35;1mSQL (0.6ms)[0m   [0mCOMMIT[0m
  [4;36;1mSQL (0.1ms)[0m   [0;1mBEGIN[0m
  [4;35;1mPost Create (0.1ms)[0m   [0mINSERT INTO `posts` (`title`, `text`, `created_at`) VALUES('December', 'testing', '2009-12-01 00:00:00')[0m
  [4;36;1mSQL (0.7ms)[0m   [0;1mCOMMIT[0m
  [4;35;1mSQL (0.1ms)[0m   [0mBEGIN[0m
  [4;36;1mPost Create (0.2ms)[0m   [0;1mINSERT INTO `posts` (`title`, `text`, `created_at`) VALUES('December', 'testing', '2009-12-01 00:00:00')[0m
  [4;35;1mSQL (0.5ms)[0m   [0mCOMMIT[0m
  [4;36;1mSQL (0.1ms)[0m   [0;1mBEGIN[0m
  [4;35;1mPost Create (0.1ms)[0m   [0mINSERT INTO `posts` (`title`, `text`, `created_at`) VALUES('December', 'testing', '2009-12-01 00:00:00')[0m
  [4;36;1mSQL (0.5ms)[0m   [0;1mCOMMIT[0m
  [4;35;1mSQL (0.1ms)[0m   [0mBEGIN[0m
  [4;36;1mPost Create (0.1ms)[0m   [0;1mINSERT INTO `posts` (`title`, `text`, `created_at`) VALUES('December', 'testing', '2009-12-01 00:00:00')[0m
  [4;35;1mSQL (0.6ms)[0m   [0mCOMMIT[0m
  [4;36;1mSQL (0.1ms)[0m   [0;1mBEGIN[0m
  [4;35;1mPost Create (0.1ms)[0m   [0mINSERT INTO `posts` (`title`, `text`, `created_at`) VALUES('December', 'testing', '2009-12-01 00:00:00')[0m
  [4;36;1mSQL (0.6ms)[0m   [0;1mCOMMIT[0m
  [4;35;1mSQL (0.1ms)[0m   [0mBEGIN[0m
  [4;36;1mPost Create (0.1ms)[0m   [0;1mINSERT INTO `posts` (`title`, `text`, `created_at`) VALUES('December', 'testing', '2009-12-01 00:00:00')[0m
  [4;35;1mSQL (0.6ms)[0m   [0mCOMMIT[0m
  [4;36;1mSQL (0.1ms)[0m   [0;1mBEGIN[0m
  [4;35;1mPost Create (0.1ms)[0m   [0mINSERT INTO `posts` (`title`, `text`, `created_at`) VALUES('December', 'testing', '2009-12-01 00:00:00')[0m
  [4;36;1mSQL (0.6ms)[0m   [0;1mCOMMIT[0m
  [4;35;1mSQL (0.1ms)[0m   [0mBEGIN[0m
  [4;36;1mPost Create (0.1ms)[0m   [0;1mINSERT INTO `posts` (`title`, `text`, `created_at`) VALUES('December', 'testing', '2009-12-01 00:00:00')[0m
  [4;35;1mSQL (0.6ms)[0m   [0mCOMMIT[0m
  [4;36;1mSQL (0.1ms)[0m   [0;1mBEGIN[0m
  [4;35;1mPost Create (0.1ms)[0m   [0mINSERT INTO `posts` (`title`, `text`, `created_at`) VALUES('December', 'testing', '2009-12-01 00:00:00')[0m
  [4;36;1mSQL (0.5ms)[0m   [0;1mCOMMIT[0m
  [4;35;1mSQL (0.1ms)[0m   [0mBEGIN[0m
  [4;36;1mPost Create (0.1ms)[0m   [0;1mINSERT INTO `posts` (`title`, `text`, `created_at`) VALUES('December', 'testing', '2009-12-01 00:00:00')[0m
  [4;35;1mSQL (0.6ms)[0m   [0mCOMMIT[0m
  [4;36;1mPost Load (0.9ms)[0m   [0;1mSELECT * FROM `posts` [0m
  [4;36;1mSQL (0.2ms)[0m   [0;1mSET SQL_AUTO_IS_NULL=0[0m
  [4;35;1mSQL (0.1ms)[0m   [0mDROP TABLE IF EXISTS `posts`[0m
  [4;36;1mSQL (2.3ms)[0m   [0;1m

CREATE TABLE `posts` (
 `id` int(11) NOT NULL auto_increment,
 `title` varchar(255) NOT NULL,
 `text` text NOT NULL,
 `created_at` datetime NOT NULL,
 PRIMARY KEY (`id`)
) ENGINE=InnoDB DEFAULT CHARSET=utf8[0m
  [4;35;1mPost Delete all (0.3ms)[0m   [0mDELETE FROM `posts` [0m
  [4;36;1mPost Columns (1.4ms)[0m   [0;1mSHOW FIELDS FROM `posts`[0m
  [4;35;1mSQL (0.1ms)[0m   [0mBEGIN[0m
  [4;36;1mPost Create (0.5ms)[0m   [0;1mINSERT INTO `posts` (`title`, `text`, `created_at`) VALUES('January', 'testing', '2009-01-01 00:00:00')[0m
  [4;35;1mSQL (0.6ms)[0m   [0mCOMMIT[0m
  [4;36;1mSQL (0.1ms)[0m   [0;1mBEGIN[0m
  [4;35;1mPost Create (0.2ms)[0m   [0mINSERT INTO `posts` (`title`, `text`, `created_at`) VALUES('February', 'testing', '2009-02-01 00:00:00')[0m
  [4;36;1mSQL (0.6ms)[0m   [0;1mCOMMIT[0m
  [4;35;1mSQL (0.1ms)[0m   [0mBEGIN[0m
  [4;36;1mPost Create (0.1ms)[0m   [0;1mINSERT INTO `posts` (`title`, `text`, `created_at`) VALUES('February', 'testing', '2009-02-01 00:00:00')[0m
  [4;35;1mSQL (0.5ms)[0m   [0mCOMMIT[0m
  [4;36;1mSQL (0.1ms)[0m   [0;1mBEGIN[0m
  [4;35;1mPost Create (0.1ms)[0m   [0mINSERT INTO `posts` (`title`, `text`, `created_at`) VALUES('March', 'testing', '2009-03-01 00:00:00')[0m
  [4;36;1mSQL (0.6ms)[0m   [0;1mCOMMIT[0m
  [4;35;1mSQL (0.1ms)[0m   [0mBEGIN[0m
  [4;36;1mPost Create (0.1ms)[0m   [0;1mINSERT INTO `posts` (`title`, `text`, `created_at`) VALUES('March', 'testing', '2009-03-01 00:00:00')[0m
  [4;35;1mSQL (0.5ms)[0m   [0mCOMMIT[0m
  [4;36;1mSQL (0.1ms)[0m   [0;1mBEGIN[0m
  [4;35;1mPost Create (0.1ms)[0m   [0mINSERT INTO `posts` (`title`, `text`, `created_at`) VALUES('March', 'testing', '2009-03-01 00:00:00')[0m
  [4;36;1mSQL (0.5ms)[0m   [0;1mCOMMIT[0m
  [4;35;1mSQL (0.1ms)[0m   [0mBEGIN[0m
  [4;36;1mPost Create (0.1ms)[0m   [0;1mINSERT INTO `posts` (`title`, `text`, `created_at`) VALUES('April', 'testing', '2009-04-01 00:00:00')[0m
  [4;35;1mSQL (0.7ms)[0m   [0mCOMMIT[0m
  [4;36;1mSQL (0.1ms)[0m   [0;1mBEGIN[0m
  [4;35;1mPost Create (0.1ms)[0m   [0mINSERT INTO `posts` (`title`, `text`, `created_at`) VALUES('April', 'testing', '2009-04-01 00:00:00')[0m
  [4;36;1mSQL (0.6ms)[0m   [0;1mCOMMIT[0m
  [4;35;1mSQL (0.1ms)[0m   [0mBEGIN[0m
  [4;36;1mPost Create (0.1ms)[0m   [0;1mINSERT INTO `posts` (`title`, `text`, `created_at`) VALUES('April', 'testing', '2009-04-01 00:00:00')[0m
  [4;35;1mSQL (0.6ms)[0m   [0mCOMMIT[0m
  [4;36;1mSQL (0.1ms)[0m   [0;1mBEGIN[0m
  [4;35;1mPost Create (0.1ms)[0m   [0mINSERT INTO `posts` (`title`, `text`, `created_at`) VALUES('April', 'testing', '2009-04-01 00:00:00')[0m
  [4;36;1mSQL (0.6ms)[0m   [0;1mCOMMIT[0m
  [4;35;1mSQL (0.1ms)[0m   [0mBEGIN[0m
  [4;36;1mPost Create (0.1ms)[0m   [0;1mINSERT INTO `posts` (`title`, `text`, `created_at`) VALUES('May', 'testing', '2009-05-01 00:00:00')[0m
  [4;35;1mSQL (0.5ms)[0m   [0mCOMMIT[0m
  [4;36;1mSQL (0.1ms)[0m   [0;1mBEGIN[0m
  [4;35;1mPost Create (0.1ms)[0m   [0mINSERT INTO `posts` (`title`, `text`, `created_at`) VALUES('May', 'testing', '2009-05-01 00:00:00')[0m
  [4;36;1mSQL (0.6ms)[0m   [0;1mCOMMIT[0m
  [4;35;1mSQL (0.1ms)[0m   [0mBEGIN[0m
  [4;36;1mPost Create (0.1ms)[0m   [0;1mINSERT INTO `posts` (`title`, `text`, `created_at`) VALUES('May', 'testing', '2009-05-01 00:00:00')[0m
  [4;35;1mSQL (0.6ms)[0m   [0mCOMMIT[0m
  [4;36;1mSQL (0.1ms)[0m   [0;1mBEGIN[0m
  [4;35;1mPost Create (0.1ms)[0m   [0mINSERT INTO `posts` (`title`, `text`, `created_at`) VALUES('May', 'testing', '2009-05-01 00:00:00')[0m
  [4;36;1mSQL (0.6ms)[0m   [0;1mCOMMIT[0m
  [4;35;1mSQL (0.1ms)[0m   [0mBEGIN[0m
  [4;36;1mPost Create (0.1ms)[0m   [0;1mINSERT INTO `posts` (`title`, `text`, `created_at`) VALUES('May', 'testing', '2009-05-01 00:00:00')[0m
  [4;35;1mSQL (0.4ms)[0m   [0mCOMMIT[0m
  [4;36;1mSQL (0.1ms)[0m   [0;1mBEGIN[0m
  [4;35;1mPost Create (0.1ms)[0m   [0mINSERT INTO `posts` (`title`, `text`, `created_at`) VALUES('June', 'testing', '2009-06-01 00:00:00')[0m
  [4;36;1mSQL (0.4ms)[0m   [0;1mCOMMIT[0m
  [4;35;1mSQL (0.1ms)[0m   [0mBEGIN[0m
  [4;36;1mPost Create (0.1ms)[0m   [0;1mINSERT INTO `posts` (`title`, `text`, `created_at`) VALUES('June', 'testing', '2009-06-01 00:00:00')[0m
  [4;35;1mSQL (0.4ms)[0m   [0mCOMMIT[0m
  [4;36;1mSQL (0.1ms)[0m   [0;1mBEGIN[0m
  [4;35;1mPost Create (0.1ms)[0m   [0mINSERT INTO `posts` (`title`, `text`, `created_at`) VALUES('June', 'testing', '2009-06-01 00:00:00')[0m
  [4;36;1mSQL (0.5ms)[0m   [0;1mCOMMIT[0m
  [4;35;1mSQL (0.1ms)[0m   [0mBEGIN[0m
  [4;36;1mPost Create (0.2ms)[0m   [0;1mINSERT INTO `posts` (`title`, `text`, `created_at`) VALUES('June', 'testing', '2009-06-01 00:00:00')[0m
  [4;35;1mSQL (0.6ms)[0m   [0mCOMMIT[0m
  [4;36;1mSQL (0.1ms)[0m   [0;1mBEGIN[0m
  [4;35;1mPost Create (0.1ms)[0m   [0mINSERT INTO `posts` (`title`, `text`, `created_at`) VALUES('June', 'testing', '2009-06-01 00:00:00')[0m
  [4;36;1mSQL (0.5ms)[0m   [0;1mCOMMIT[0m
  [4;35;1mSQL (0.1ms)[0m   [0mBEGIN[0m
  [4;36;1mPost Create (0.1ms)[0m   [0;1mINSERT INTO `posts` (`title`, `text`, `created_at`) VALUES('June', 'testing', '2009-06-01 00:00:00')[0m
  [4;35;1mSQL (0.6ms)[0m   [0mCOMMIT[0m
  [4;36;1mSQL (0.1ms)[0m   [0;1mBEGIN[0m
  [4;35;1mPost Create (0.1ms)[0m   [0mINSERT INTO `posts` (`title`, `text`, `created_at`) VALUES('July', 'testing', '2009-07-01 00:00:00')[0m
  [4;36;1mSQL (0.8ms)[0m   [0;1mCOMMIT[0m
  [4;35;1mSQL (0.1ms)[0m   [0mBEGIN[0m
  [4;36;1mPost Create (0.1ms)[0m   [0;1mINSERT INTO `posts` (`title`, `text`, `created_at`) VALUES('July', 'testing', '2009-07-01 00:00:00')[0m
  [4;35;1mSQL (0.5ms)[0m   [0mCOMMIT[0m
  [4;36;1mSQL (0.1ms)[0m   [0;1mBEGIN[0m
  [4;35;1mPost Create (0.2ms)[0m   [0mINSERT INTO `posts` (`title`, `text`, `created_at`) VALUES('July', 'testing', '2009-07-01 00:00:00')[0m
  [4;36;1mSQL (0.5ms)[0m   [0;1mCOMMIT[0m
  [4;35;1mSQL (0.1ms)[0m   [0mBEGIN[0m
  [4;36;1mPost Create (0.1ms)[0m   [0;1mINSERT INTO `posts` (`title`, `text`, `created_at`) VALUES('July', 'testing', '2009-07-01 00:00:00')[0m
  [4;35;1mSQL (0.6ms)[0m   [0mCOMMIT[0m
  [4;36;1mSQL (0.1ms)[0m   [0;1mBEGIN[0m
  [4;35;1mPost Create (0.1ms)[0m   [0mINSERT INTO `posts` (`title`, `text`, `created_at`) VALUES('July', 'testing', '2009-07-01 00:00:00')[0m
  [4;36;1mSQL (0.5ms)[0m   [0;1mCOMMIT[0m
  [4;35;1mSQL (0.1ms)[0m   [0mBEGIN[0m
  [4;36;1mPost Create (0.1ms)[0m   [0;1mINSERT INTO `posts` (`title`, `text`, `created_at`) VALUES('July', 'testing', '2009-07-01 00:00:00')[0m
  [4;35;1mSQL (0.5ms)[0m   [0mCOMMIT[0m
  [4;36;1mSQL (0.1ms)[0m   [0;1mBEGIN[0m
  [4;35;1mPost Create (0.1ms)[0m   [0mINSERT INTO `posts` (`title`, `text`, `created_at`) VALUES('July', 'testing', '2009-07-01 00:00:00')[0m
  [4;36;1mSQL (0.5ms)[0m   [0;1mCOMMIT[0m
  [4;35;1mSQL (0.1ms)[0m   [0mBEGIN[0m
  [4;36;1mPost Create (0.1ms)[0m   [0;1mINSERT INTO `posts` (`title`, `text`, `created_at`) VALUES('August', 'testing', '2009-08-01 00:00:00')[0m
  [4;35;1mSQL (0.6ms)[0m   [0mCOMMIT[0m
  [4;36;1mSQL (0.1ms)[0m   [0;1mBEGIN[0m
  [4;35;1mPost Create (0.1ms)[0m   [0mINSERT INTO `posts` (`title`, `text`, `created_at`) VALUES('August', 'testing', '2009-08-01 00:00:00')[0m
  [4;36;1mSQL (0.6ms)[0m   [0;1mCOMMIT[0m
  [4;35;1mSQL (0.1ms)[0m   [0mBEGIN[0m
  [4;36;1mPost Create (0.1ms)[0m   [0;1mINSERT INTO `posts` (`title`, `text`, `created_at`) VALUES('August', 'testing', '2009-08-01 00:00:00')[0m
  [4;35;1mSQL (0.6ms)[0m   [0mCOMMIT[0m
  [4;36;1mSQL (0.1ms)[0m   [0;1mBEGIN[0m
  [4;35;1mPost Create (0.1ms)[0m   [0mINSERT INTO `posts` (`title`, `text`, `created_at`) VALUES('August', 'testing', '2009-08-01 00:00:00')[0m
  [4;36;1mSQL (0.6ms)[0m   [0;1mCOMMIT[0m
  [4;35;1mSQL (0.1ms)[0m   [0mBEGIN[0m
  [4;36;1mPost Create (0.1ms)[0m   [0;1mINSERT INTO `posts` (`title`, `text`, `created_at`) VALUES('August', 'testing', '2009-08-01 00:00:00')[0m
  [4;35;1mSQL (0.6ms)[0m   [0mCOMMIT[0m
  [4;36;1mSQL (0.1ms)[0m   [0;1mBEGIN[0m
  [4;35;1mPost Create (0.1ms)[0m   [0mINSERT INTO `posts` (`title`, `text`, `created_at`) VALUES('August', 'testing', '2009-08-01 00:00:00')[0m
  [4;36;1mSQL (0.7ms)[0m   [0;1mCOMMIT[0m
  [4;35;1mSQL (0.1ms)[0m   [0mBEGIN[0m
  [4;36;1mPost Create (0.1ms)[0m   [0;1mINSERT INTO `posts` (`title`, `text`, `created_at`) VALUES('August', 'testing', '2009-08-01 00:00:00')[0m
  [4;35;1mSQL (0.5ms)[0m   [0mCOMMIT[0m
  [4;36;1mSQL (0.1ms)[0m   [0;1mBEGIN[0m
  [4;35;1mPost Create (0.1ms)[0m   [0mINSERT INTO `posts` (`title`, `text`, `created_at`) VALUES('August', 'testing', '2009-08-01 00:00:00')[0m
  [4;36;1mSQL (0.6ms)[0m   [0;1mCOMMIT[0m
  [4;35;1mSQL (0.1ms)[0m   [0mBEGIN[0m
  [4;36;1mPost Create (0.1ms)[0m   [0;1mINSERT INTO `posts` (`title`, `text`, `created_at`) VALUES('September', 'testing', '2009-09-01 00:00:00')[0m
  [4;35;1mSQL (0.5ms)[0m   [0mCOMMIT[0m
  [4;36;1mSQL (0.1ms)[0m   [0;1mBEGIN[0m
  [4;35;1mPost Create (0.1ms)[0m   [0mINSERT INTO `posts` (`title`, `text`, `created_at`) VALUES('September', 'testing', '2009-09-01 00:00:00')[0m
  [4;36;1mSQL (0.6ms)[0m   [0;1mCOMMIT[0m
  [4;35;1mSQL (0.1ms)[0m   [0mBEGIN[0m
  [4;36;1mPost Create (0.2ms)[0m   [0;1mINSERT INTO `posts` (`title`, `text`, `created_at`) VALUES('September', 'testing', '2009-09-01 00:00:00')[0m
  [4;35;1mSQL (0.6ms)[0m   [0mCOMMIT[0m
  [4;36;1mSQL (0.1ms)[0m   [0;1mBEGIN[0m
  [4;35;1mPost Create (0.1ms)[0m   [0mINSERT INTO `posts` (`title`, `text`, `created_at`) VALUES('September', 'testing', '2009-09-01 00:00:00')[0m
  [4;36;1mSQL (0.6ms)[0m   [0;1mCOMMIT[0m
  [4;35;1mSQL (0.1ms)[0m   [0mBEGIN[0m
  [4;36;1mPost Create (0.1ms)[0m   [0;1mINSERT INTO `posts` (`title`, `text`, `created_at`) VALUES('September', 'testing', '2009-09-01 00:00:00')[0m
  [4;35;1mSQL (0.7ms)[0m   [0mCOMMIT[0m
  [4;36;1mSQL (0.1ms)[0m   [0;1mBEGIN[0m
  [4;35;1mPost Create (0.1ms)[0m   [0mINSERT INTO `posts` (`title`, `text`, `created_at`) VALUES('September', 'testing', '2009-09-01 00:00:00')[0m
  [4;36;1mSQL (0.6ms)[0m   [0;1mCOMMIT[0m
  [4;35;1mSQL (0.1ms)[0m   [0mBEGIN[0m
  [4;36;1mPost Create (0.1ms)[0m   [0;1mINSERT INTO `posts` (`title`, `text`, `created_at`) VALUES('September', 'testing', '2009-09-01 00:00:00')[0m
  [4;35;1mSQL (0.6ms)[0m   [0mCOMMIT[0m
  [4;36;1mSQL (0.1ms)[0m   [0;1mBEGIN[0m
  [4;35;1mPost Create (0.1ms)[0m   [0mINSERT INTO `posts` (`title`, `text`, `created_at`) VALUES('September', 'testing', '2009-09-01 00:00:00')[0m
  [4;36;1mSQL (0.6ms)[0m   [0;1mCOMMIT[0m
  [4;35;1mSQL (0.1ms)[0m   [0mBEGIN[0m
  [4;36;1mPost Create (0.1ms)[0m   [0;1mINSERT INTO `posts` (`title`, `text`, `created_at`) VALUES('September', 'testing', '2009-09-01 00:00:00')[0m
  [4;35;1mSQL (0.6ms)[0m   [0mCOMMIT[0m
  [4;36;1mSQL (0.1ms)[0m   [0;1mBEGIN[0m
  [4;35;1mPost Create (0.1ms)[0m   [0mINSERT INTO `posts` (`title`, `text`, `created_at`) VALUES('October', 'testing', '2009-10-01 00:00:00')[0m
  [4;36;1mSQL (0.6ms)[0m   [0;1mCOMMIT[0m
  [4;35;1mSQL (0.1ms)[0m   [0mBEGIN[0m
  [4;36;1mPost Create (0.1ms)[0m   [0;1mINSERT INTO `posts` (`title`, `text`, `created_at`) VALUES('October', 'testing', '2009-10-01 00:00:00')[0m
  [4;35;1mSQL (0.5ms)[0m   [0mCOMMIT[0m
  [4;36;1mSQL (0.1ms)[0m   [0;1mBEGIN[0m
  [4;35;1mPost Create (0.1ms)[0m   [0mINSERT INTO `posts` (`title`, `text`, `created_at`) VALUES('October', 'testing', '2009-10-01 00:00:00')[0m
  [4;36;1mSQL (0.5ms)[0m   [0;1mCOMMIT[0m
  [4;35;1mSQL (0.1ms)[0m   [0mBEGIN[0m
  [4;36;1mPost Create (0.1ms)[0m   [0;1mINSERT INTO `posts` (`title`, `text`, `created_at`) VALUES('October', 'testing', '2009-10-01 00:00:00')[0m
  [4;35;1mSQL (0.5ms)[0m   [0mCOMMIT[0m
  [4;36;1mSQL (0.1ms)[0m   [0;1mBEGIN[0m
  [4;35;1mPost Create (0.2ms)[0m   [0mINSERT INTO `posts` (`title`, `text`, `created_at`) VALUES('October', 'testing', '2009-10-01 00:00:00')[0m
  [4;36;1mSQL (0.6ms)[0m   [0;1mCOMMIT[0m
  [4;35;1mSQL (0.1ms)[0m   [0mBEGIN[0m
  [4;36;1mPost Create (0.1ms)[0m   [0;1mINSERT INTO `posts` (`title`, `text`, `created_at`) VALUES('October', 'testing', '2009-10-01 00:00:00')[0m
  [4;35;1mSQL (0.6ms)[0m   [0mCOMMIT[0m
  [4;36;1mSQL (0.1ms)[0m   [0;1mBEGIN[0m
  [4;35;1mPost Create (0.1ms)[0m   [0mINSERT INTO `posts` (`title`, `text`, `created_at`) VALUES('October', 'testing', '2009-10-01 00:00:00')[0m
  [4;36;1mSQL (0.5ms)[0m   [0;1mCOMMIT[0m
  [4;35;1mSQL (0.1ms)[0m   [0mBEGIN[0m
  [4;36;1mPost Create (0.1ms)[0m   [0;1mINSERT INTO `posts` (`title`, `text`, `created_at`) VALUES('October', 'testing', '2009-10-01 00:00:00')[0m
  [4;35;1mSQL (0.6ms)[0m   [0mCOMMIT[0m
  [4;36;1mSQL (0.1ms)[0m   [0;1mBEGIN[0m
  [4;35;1mPost Create (0.1ms)[0m   [0mINSERT INTO `posts` (`title`, `text`, `created_at`) VALUES('October', 'testing', '2009-10-01 00:00:00')[0m
  [4;36;1mSQL (0.6ms)[0m   [0;1mCOMMIT[0m
  [4;35;1mSQL (0.1ms)[0m   [0mBEGIN[0m
  [4;36;1mPost Create (0.1ms)[0m   [0;1mINSERT INTO `posts` (`title`, `text`, `created_at`) VALUES('October', 'testing', '2009-10-01 00:00:00')[0m
  [4;35;1mSQL (0.7ms)[0m   [0mCOMMIT[0m
  [4;36;1mSQL (0.1ms)[0m   [0;1mBEGIN[0m
  [4;35;1mPost Create (0.1ms)[0m   [0mINSERT INTO `posts` (`title`, `text`, `created_at`) VALUES('November', 'testing', '2009-11-01 00:00:00')[0m
  [4;36;1mSQL (0.6ms)[0m   [0;1mCOMMIT[0m
  [4;35;1mSQL (0.1ms)[0m   [0mBEGIN[0m
  [4;36;1mPost Create (0.1ms)[0m   [0;1mINSERT INTO `posts` (`title`, `text`, `created_at`) VALUES('November', 'testing', '2009-11-01 00:00:00')[0m
  [4;35;1mSQL (0.7ms)[0m   [0mCOMMIT[0m
  [4;36;1mSQL (0.1ms)[0m   [0;1mBEGIN[0m
  [4;35;1mPost Create (0.1ms)[0m   [0mINSERT INTO `posts` (`title`, `text`, `created_at`) VALUES('November', 'testing', '2009-11-01 00:00:00')[0m
  [4;36;1mSQL (0.5ms)[0m   [0;1mCOMMIT[0m
  [4;35;1mSQL (0.1ms)[0m   [0mBEGIN[0m
  [4;36;1mPost Create (0.1ms)[0m   [0;1mINSERT INTO `posts` (`title`, `text`, `created_at`) VALUES('November', 'testing', '2009-11-01 00:00:00')[0m
  [4;35;1mSQL (0.6ms)[0m   [0mCOMMIT[0m
  [4;36;1mSQL (0.1ms)[0m   [0;1mBEGIN[0m
  [4;35;1mPost Create (0.2ms)[0m   [0mINSERT INTO `posts` (`title`, `text`, `created_at`) VALUES('November', 'testing', '2009-11-01 00:00:00')[0m
  [4;36;1mSQL (0.6ms)[0m   [0;1mCOMMIT[0m
  [4;35;1mSQL (0.1ms)[0m   [0mBEGIN[0m
  [4;36;1mPost Create (0.1ms)[0m   [0;1mINSERT INTO `posts` (`title`, `text`, `created_at`) VALUES('November', 'testing', '2009-11-01 00:00:00')[0m
  [4;35;1mSQL (0.6ms)[0m   [0mCOMMIT[0m
  [4;36;1mSQL (0.1ms)[0m   [0;1mBEGIN[0m
  [4;35;1mPost Create (0.1ms)[0m   [0mINSERT INTO `posts` (`title`, `text`, `created_at`) VALUES('November', 'testing', '2009-11-01 00:00:00')[0m
  [4;36;1mSQL (0.7ms)[0m   [0;1mCOMMIT[0m
  [4;35;1mSQL (0.1ms)[0m   [0mBEGIN[0m
  [4;36;1mPost Create (0.1ms)[0m   [0;1mINSERT INTO `posts` (`title`, `text`, `created_at`) VALUES('November', 'testing', '2009-11-01 00:00:00')[0m
  [4;35;1mSQL (0.6ms)[0m   [0mCOMMIT[0m
  [4;36;1mSQL (0.1ms)[0m   [0;1mBEGIN[0m
  [4;35;1mPost Create (0.1ms)[0m   [0mINSERT INTO `posts` (`title`, `text`, `created_at`) VALUES('November', 'testing', '2009-11-01 00:00:00')[0m
  [4;36;1mSQL (0.5ms)[0m   [0;1mCOMMIT[0m
  [4;35;1mSQL (0.2ms)[0m   [0mBEGIN[0m
  [4;36;1mPost Create (0.2ms)[0m   [0;1mINSERT INTO `posts` (`title`, `text`, `created_at`) VALUES('November', 'testing', '2009-11-01 00:00:00')[0m
  [4;35;1mSQL (0.6ms)[0m   [0mCOMMIT[0m
  [4;36;1mSQL (0.1ms)[0m   [0;1mBEGIN[0m
  [4;35;1mPost Create (0.1ms)[0m   [0mINSERT INTO `posts` (`title`, `text`, `created_at`) VALUES('November', 'testing', '2009-11-01 00:00:00')[0m
  [4;36;1mSQL (0.5ms)[0m   [0;1mCOMMIT[0m
  [4;35;1mSQL (0.1ms)[0m   [0mBEGIN[0m
  [4;36;1mPost Create (0.1ms)[0m   [0;1mINSERT INTO `posts` (`title`, `text`, `created_at`) VALUES('December', 'testing', '2009-12-01 00:00:00')[0m
  [4;35;1mSQL (0.6ms)[0m   [0mCOMMIT[0m
  [4;36;1mSQL (0.1ms)[0m   [0;1mBEGIN[0m
  [4;35;1mPost Create (0.1ms)[0m   [0mINSERT INTO `posts` (`title`, `text`, `created_at`) VALUES('December', 'testing', '2009-12-01 00:00:00')[0m
  [4;36;1mSQL (0.6ms)[0m   [0;1mCOMMIT[0m
  [4;35;1mSQL (0.1ms)[0m   [0mBEGIN[0m
  [4;36;1mPost Create (0.1ms)[0m   [0;1mINSERT INTO `posts` (`title`, `text`, `created_at`) VALUES('December', 'testing', '2009-12-01 00:00:00')[0m
  [4;35;1mSQL (0.5ms)[0m   [0mCOMMIT[0m
  [4;36;1mSQL (0.1ms)[0m   [0;1mBEGIN[0m
  [4;35;1mPost Create (0.1ms)[0m   [0mINSERT INTO `posts` (`title`, `text`, `created_at`) VALUES('December', 'testing', '2009-12-01 00:00:00')[0m
  [4;36;1mSQL (0.6ms)[0m   [0;1mCOMMIT[0m
  [4;35;1mSQL (0.1ms)[0m   [0mBEGIN[0m
  [4;36;1mPost Create (0.1ms)[0m   [0;1mINSERT INTO `posts` (`title`, `text`, `created_at`) VALUES('December', 'testing', '2009-12-01 00:00:00')[0m
  [4;35;1mSQL (0.6ms)[0m   [0mCOMMIT[0m
  [4;36;1mSQL (0.1ms)[0m   [0;1mBEGIN[0m
  [4;35;1mPost Create (0.1ms)[0m   [0mINSERT INTO `posts` (`title`, `text`, `created_at`) VALUES('December', 'testing', '2009-12-01 00:00:00')[0m
  [4;36;1mSQL (0.6ms)[0m   [0;1mCOMMIT[0m
  [4;35;1mSQL (0.1ms)[0m   [0mBEGIN[0m
  [4;36;1mPost Create (0.1ms)[0m   [0;1mINSERT INTO `posts` (`title`, `text`, `created_at`) VALUES('December', 'testing', '2009-12-01 00:00:00')[0m
  [4;35;1mSQL (0.6ms)[0m   [0mCOMMIT[0m
  [4;36;1mSQL (0.1ms)[0m   [0;1mBEGIN[0m
  [4;35;1mPost Create (0.1ms)[0m   [0mINSERT INTO `posts` (`title`, `text`, `created_at`) VALUES('December', 'testing', '2009-12-01 00:00:00')[0m
  [4;36;1mSQL (0.4ms)[0m   [0;1mCOMMIT[0m
  [4;35;1mSQL (0.1ms)[0m   [0mBEGIN[0m
  [4;36;1mPost Create (0.1ms)[0m   [0;1mINSERT INTO `posts` (`title`, `text`, `created_at`) VALUES('December', 'testing', '2009-12-01 00:00:00')[0m
  [4;35;1mSQL (0.6ms)[0m   [0mCOMMIT[0m
  [4;36;1mSQL (0.1ms)[0m   [0;1mBEGIN[0m
  [4;35;1mPost Create (0.1ms)[0m   [0mINSERT INTO `posts` (`title`, `text`, `created_at`) VALUES('December', 'testing', '2009-12-01 00:00:00')[0m
  [4;36;1mSQL (0.7ms)[0m   [0;1mCOMMIT[0m
  [4;35;1mSQL (0.1ms)[0m   [0mBEGIN[0m
  [4;36;1mPost Create (0.1ms)[0m   [0;1mINSERT INTO `posts` (`title`, `text`, `created_at`) VALUES('December', 'testing', '2009-12-01 00:00:00')[0m
  [4;35;1mSQL (0.7ms)[0m   [0mCOMMIT[0m
  [4;36;1mSQL (0.1ms)[0m   [0;1mBEGIN[0m
  [4;35;1mPost Create (0.1ms)[0m   [0mINSERT INTO `posts` (`title`, `text`, `created_at`) VALUES('December', 'testing', '2009-12-01 00:00:00')[0m
  [4;36;1mSQL (0.6ms)[0m   [0;1mCOMMIT[0m
  [4;35;1mPost Load (0.6ms)[0m   [0mSELECT * FROM `posts` [0m
  [4;36;1mSQL (0.5ms)[0m   [0;1mSET SQL_AUTO_IS_NULL=0[0m
  [4;35;1mSQL (1.7ms)[0m   [0mDROP TABLE IF EXISTS `posts`[0m
  [4;36;1mSQL (1.7ms)[0m   [0;1m

CREATE TABLE `posts` (
 `id` int(11) NOT NULL auto_increment,
 `title` varchar(255) NOT NULL,
 `text` text NOT NULL,
 `created_at` datetime NOT NULL,
 PRIMARY KEY (`id`)
) ENGINE=InnoDB DEFAULT CHARSET=utf8[0m
  [4;35;1mPost Delete all (0.3ms)[0m   [0mDELETE FROM `posts` [0m
  [4;36;1mPost Columns (1.8ms)[0m   [0;1mSHOW FIELDS FROM `posts`[0m
  [4;35;1mSQL (1.2ms)[0m   [0mBEGIN[0m
  [4;36;1mPost Create (0.3ms)[0m   [0;1mINSERT INTO `posts` (`title`, `text`, `created_at`) VALUES('January', 'testing', '2009-01-01 00:00:00')[0m
  [4;35;1mSQL (0.6ms)[0m   [0mCOMMIT[0m
  [4;36;1mSQL (0.1ms)[0m   [0;1mBEGIN[0m
  [4;35;1mPost Create (0.1ms)[0m   [0mINSERT INTO `posts` (`title`, `text`, `created_at`) VALUES('February', 'testing', '2009-02-01 00:00:00')[0m
  [4;36;1mSQL (0.6ms)[0m   [0;1mCOMMIT[0m
  [4;35;1mSQL (0.1ms)[0m   [0mBEGIN[0m
  [4;36;1mPost Create (0.1ms)[0m   [0;1mINSERT INTO `posts` (`title`, `text`, `created_at`) VALUES('March', 'testing', '2009-03-01 00:00:00')[0m
  [4;35;1mSQL (0.6ms)[0m   [0mCOMMIT[0m
  [4;36;1mSQL (0.1ms)[0m   [0;1mBEGIN[0m
  [4;35;1mPost Create (0.2ms)[0m   [0mINSERT INTO `posts` (`title`, `text`, `created_at`) VALUES('April', 'testing', '2009-04-01 00:00:00')[0m
  [4;36;1mSQL (0.6ms)[0m   [0;1mCOMMIT[0m
  [4;35;1mSQL (0.1ms)[0m   [0mBEGIN[0m
  [4;36;1mPost Create (0.1ms)[0m   [0;1mINSERT INTO `posts` (`title`, `text`, `created_at`) VALUES('May', 'testing', '2009-05-01 00:00:00')[0m
  [4;35;1mSQL (0.5ms)[0m   [0mCOMMIT[0m
  [4;36;1mSQL (0.1ms)[0m   [0;1mBEGIN[0m
  [4;35;1mPost Create (0.1ms)[0m   [0mINSERT INTO `posts` (`title`, `text`, `created_at`) VALUES('June', 'testing', '2009-06-01 00:00:00')[0m
  [4;36;1mSQL (0.7ms)[0m   [0;1mCOMMIT[0m
  [4;35;1mSQL (0.1ms)[0m   [0mBEGIN[0m
  [4;36;1mPost Create (0.1ms)[0m   [0;1mINSERT INTO `posts` (`title`, `text`, `created_at`) VALUES('July', 'testing', '2009-07-01 00:00:00')[0m
  [4;35;1mSQL (0.5ms)[0m   [0mCOMMIT[0m
  [4;36;1mSQL (0.1ms)[0m   [0;1mBEGIN[0m
  [4;35;1mPost Create (0.1ms)[0m   [0mINSERT INTO `posts` (`title`, `text`, `created_at`) VALUES('August', 'testing', '2009-08-01 00:00:00')[0m
  [4;36;1mSQL (0.6ms)[0m   [0;1mCOMMIT[0m
  [4;35;1mSQL (0.1ms)[0m   [0mBEGIN[0m
  [4;36;1mPost Create (0.1ms)[0m   [0;1mINSERT INTO `posts` (`title`, `text`, `created_at`) VALUES('September', 'testing', '2009-09-01 00:00:00')[0m
  [4;35;1mSQL (0.5ms)[0m   [0mCOMMIT[0m
  [4;36;1mSQL (0.1ms)[0m   [0;1mBEGIN[0m
  [4;35;1mPost Create (0.1ms)[0m   [0mINSERT INTO `posts` (`title`, `text`, `created_at`) VALUES('October', 'testing', '2009-10-01 00:00:00')[0m
  [4;36;1mSQL (0.6ms)[0m   [0;1mCOMMIT[0m
  [4;35;1mSQL (0.1ms)[0m   [0mBEGIN[0m
  [4;36;1mPost Create (0.1ms)[0m   [0;1mINSERT INTO `posts` (`title`, `text`, `created_at`) VALUES('November', 'testing', '2009-11-01 00:00:00')[0m
  [4;35;1mSQL (0.6ms)[0m   [0mCOMMIT[0m
  [4;36;1mSQL (0.1ms)[0m   [0;1mBEGIN[0m
  [4;35;1mPost Create (0.1ms)[0m   [0mINSERT INTO `posts` (`title`, `text`, `created_at`) VALUES('December', 'testing', '2009-12-01 00:00:00')[0m
  [4;36;1mSQL (0.5ms)[0m   [0;1mCOMMIT[0m
  [4;35;1mPost Load (0.3ms)[0m   [0mSELECT * FROM `posts` [0m
  [4;36;1mSQL (0.2ms)[0m   [0;1mSET SQL_AUTO_IS_NULL=0[0m
  [4;35;1mSQL (1.8ms)[0m   [0mDROP TABLE IF EXISTS `posts`[0m
  [4;36;1mSQL (2.0ms)[0m   [0;1m

CREATE TABLE `posts` (
 `id` int(11) NOT NULL auto_increment,
 `title` varchar(255) NOT NULL,
 `text` text NOT NULL,
 `created_at` datetime NOT NULL,
 PRIMARY KEY (`id`)
) ENGINE=InnoDB DEFAULT CHARSET=utf8[0m
  [4;35;1mPost Delete all (0.2ms)[0m   [0mDELETE FROM `posts` [0m
  [4;36;1mPost Columns (1.5ms)[0m   [0;1mSHOW FIELDS FROM `posts`[0m
  [4;35;1mSQL (0.1ms)[0m   [0mBEGIN[0m
  [4;36;1mPost Create (0.2ms)[0m   [0;1mINSERT INTO `posts` (`title`, `text`, `created_at`) VALUES('January', 'testing', '2009-01-01 00:00:00')[0m
  [4;35;1mSQL (0.6ms)[0m   [0mCOMMIT[0m
  [4;36;1mSQL (0.1ms)[0m   [0;1mBEGIN[0m
  [4;35;1mPost Create (0.1ms)[0m   [0mINSERT INTO `posts` (`title`, `text`, `created_at`) VALUES('February', 'testing', '2009-02-01 00:00:00')[0m
  [4;36;1mSQL (0.6ms)[0m   [0;1mCOMMIT[0m
  [4;35;1mSQL (0.1ms)[0m   [0mBEGIN[0m
  [4;36;1mPost Create (0.1ms)[0m   [0;1mINSERT INTO `posts` (`title`, `text`, `created_at`) VALUES('March', 'testing', '2009-03-01 00:00:00')[0m
  [4;35;1mSQL (0.6ms)[0m   [0mCOMMIT[0m
  [4;36;1mSQL (0.1ms)[0m   [0;1mBEGIN[0m
  [4;35;1mPost Create (0.1ms)[0m   [0mINSERT INTO `posts` (`title`, `text`, `created_at`) VALUES('April', 'testing', '2009-04-01 00:00:00')[0m
  [4;36;1mSQL (0.6ms)[0m   [0;1mCOMMIT[0m
  [4;35;1mSQL (0.1ms)[0m   [0mBEGIN[0m
  [4;36;1mPost Create (0.1ms)[0m   [0;1mINSERT INTO `posts` (`title`, `text`, `created_at`) VALUES('May', 'testing', '2009-05-01 00:00:00')[0m
  [4;35;1mSQL (0.6ms)[0m   [0mCOMMIT[0m
  [4;36;1mSQL (0.1ms)[0m   [0;1mBEGIN[0m
  [4;35;1mPost Create (0.1ms)[0m   [0mINSERT INTO `posts` (`title`, `text`, `created_at`) VALUES('June', 'testing', '2009-06-01 00:00:00')[0m
  [4;36;1mSQL (0.5ms)[0m   [0;1mCOMMIT[0m
  [4;35;1mSQL (0.1ms)[0m   [0mBEGIN[0m
  [4;36;1mPost Create (0.2ms)[0m   [0;1mINSERT INTO `posts` (`title`, `text`, `created_at`) VALUES('July', 'testing', '2009-07-01 00:00:00')[0m
  [4;35;1mSQL (0.7ms)[0m   [0mCOMMIT[0m
  [4;36;1mSQL (0.1ms)[0m   [0;1mBEGIN[0m
  [4;35;1mPost Create (0.1ms)[0m   [0mINSERT INTO `posts` (`title`, `text`, `created_at`) VALUES('August', 'testing', '2009-08-01 00:00:00')[0m
  [4;36;1mSQL (0.6ms)[0m   [0;1mCOMMIT[0m
  [4;35;1mSQL (0.1ms)[0m   [0mBEGIN[0m
  [4;36;1mPost Create (0.1ms)[0m   [0;1mINSERT INTO `posts` (`title`, `text`, `created_at`) VALUES('September', 'testing', '2009-09-01 00:00:00')[0m
  [4;35;1mSQL (0.6ms)[0m   [0mCOMMIT[0m
  [4;36;1mSQL (0.1ms)[0m   [0;1mBEGIN[0m
  [4;35;1mPost Create (0.1ms)[0m   [0mINSERT INTO `posts` (`title`, `text`, `created_at`) VALUES('October', 'testing', '2009-10-01 00:00:00')[0m
  [4;36;1mSQL (0.6ms)[0m   [0;1mCOMMIT[0m
  [4;35;1mSQL (0.1ms)[0m   [0mBEGIN[0m
  [4;36;1mPost Create (0.1ms)[0m   [0;1mINSERT INTO `posts` (`title`, `text`, `created_at`) VALUES('November', 'testing', '2009-11-01 00:00:00')[0m
  [4;35;1mSQL (0.6ms)[0m   [0mCOMMIT[0m
  [4;36;1mSQL (0.1ms)[0m   [0;1mBEGIN[0m
  [4;35;1mPost Create (0.1ms)[0m   [0mINSERT INTO `posts` (`title`, `text`, `created_at`) VALUES('December', 'testing', '2009-12-01 00:00:00')[0m
  [4;36;1mSQL (0.6ms)[0m   [0;1mCOMMIT[0m
  [4;35;1mPost Load (0.3ms)[0m   [0mSELECT * FROM `posts` [0m
  [4;36;1mSQL (0.2ms)[0m   [0;1mSET SQL_AUTO_IS_NULL=0[0m
  [4;35;1mSQL (1.8ms)[0m   [0mDROP TABLE IF EXISTS `posts`[0m
  [4;36;1mSQL (1.8ms)[0m   [0;1m

CREATE TABLE `posts` (
 `id` int(11) NOT NULL auto_increment,
 `title` varchar(255) NOT NULL,
 `text` text NOT NULL,
 `created_at` datetime NOT NULL,
 PRIMARY KEY (`id`)
) ENGINE=InnoDB DEFAULT CHARSET=utf8[0m
  [4;35;1mPost Delete all (0.3ms)[0m   [0mDELETE FROM `posts` [0m
  [4;36;1mPost Columns (1.4ms)[0m   [0;1mSHOW FIELDS FROM `posts`[0m
  [4;35;1mSQL (0.1ms)[0m   [0mBEGIN[0m
  [4;36;1mPost Create (0.2ms)[0m   [0;1mINSERT INTO `posts` (`title`, `text`, `created_at`) VALUES('January', 'testing', '2009-01-01 00:00:00')[0m
  [4;35;1mSQL (0.5ms)[0m   [0mCOMMIT[0m
  [4;36;1mSQL (0.1ms)[0m   [0;1mBEGIN[0m
  [4;35;1mPost Create (0.1ms)[0m   [0mINSERT INTO `posts` (`title`, `text`, `created_at`) VALUES('February', 'testing', '2009-02-01 00:00:00')[0m
  [4;36;1mSQL (0.5ms)[0m   [0;1mCOMMIT[0m
  [4;35;1mSQL (0.1ms)[0m   [0mBEGIN[0m
  [4;36;1mPost Create (0.1ms)[0m   [0;1mINSERT INTO `posts` (`title`, `text`, `created_at`) VALUES('March', 'testing', '2009-03-01 00:00:00')[0m
  [4;35;1mSQL (0.5ms)[0m   [0mCOMMIT[0m
  [4;36;1mSQL (0.1ms)[0m   [0;1mBEGIN[0m
  [4;35;1mPost Create (0.1ms)[0m   [0mINSERT INTO `posts` (`title`, `text`, `created_at`) VALUES('April', 'testing', '2009-04-01 00:00:00')[0m
  [4;36;1mSQL (0.5ms)[0m   [0;1mCOMMIT[0m
  [4;35;1mSQL (0.1ms)[0m   [0mBEGIN[0m
  [4;36;1mPost Create (0.1ms)[0m   [0;1mINSERT INTO `posts` (`title`, `text`, `created_at`) VALUES('May', 'testing', '2009-05-01 00:00:00')[0m
  [4;35;1mSQL (15.0ms)[0m   [0mCOMMIT[0m
  [4;36;1mSQL (0.1ms)[0m   [0;1mBEGIN[0m
  [4;35;1mPost Create (0.2ms)[0m   [0mINSERT INTO `posts` (`title`, `text`, `created_at`) VALUES('June', 'testing', '2009-06-01 00:00:00')[0m
  [4;36;1mSQL (0.5ms)[0m   [0;1mCOMMIT[0m
  [4;35;1mSQL (0.1ms)[0m   [0mBEGIN[0m
  [4;36;1mPost Create (0.2ms)[0m   [0;1mINSERT INTO `posts` (`title`, `text`, `created_at`) VALUES('July', 'testing', '2009-07-01 00:00:00')[0m
  [4;35;1mSQL (0.5ms)[0m   [0mCOMMIT[0m
  [4;36;1mSQL (0.1ms)[0m   [0;1mBEGIN[0m
  [4;35;1mPost Create (0.1ms)[0m   [0mINSERT INTO `posts` (`title`, `text`, `created_at`) VALUES('August', 'testing', '2009-08-01 00:00:00')[0m
  [4;36;1mSQL (0.5ms)[0m   [0;1mCOMMIT[0m
  [4;35;1mSQL (0.1ms)[0m   [0mBEGIN[0m
  [4;36;1mPost Create (0.1ms)[0m   [0;1mINSERT INTO `posts` (`title`, `text`, `created_at`) VALUES('September', 'testing', '2009-09-01 00:00:00')[0m
  [4;35;1mSQL (0.6ms)[0m   [0mCOMMIT[0m
  [4;36;1mSQL (0.1ms)[0m   [0;1mBEGIN[0m
  [4;35;1mPost Create (0.1ms)[0m   [0mINSERT INTO `posts` (`title`, `text`, `created_at`) VALUES('October', 'testing', '2009-10-01 00:00:00')[0m
  [4;36;1mSQL (0.5ms)[0m   [0;1mCOMMIT[0m
  [4;35;1mSQL (0.1ms)[0m   [0mBEGIN[0m
  [4;36;1mPost Create (0.2ms)[0m   [0;1mINSERT INTO `posts` (`title`, `text`, `created_at`) VALUES('November', 'testing', '2009-11-01 00:00:00')[0m
  [4;35;1mSQL (0.5ms)[0m   [0mCOMMIT[0m
  [4;36;1mSQL (0.1ms)[0m   [0;1mBEGIN[0m
  [4;35;1mPost Create (0.1ms)[0m   [0mINSERT INTO `posts` (`title`, `text`, `created_at`) VALUES('December', 'testing', '2009-12-01 00:00:00')[0m
  [4;36;1mSQL (0.5ms)[0m   [0;1mCOMMIT[0m
  [4;35;1mPost Load (0.3ms)[0m   [0mSELECT * FROM `posts` [0m
  [4;36;1mSQL (0.2ms)[0m   [0;1mSET SQL_AUTO_IS_NULL=0[0m
  [4;35;1mSQL (1.6ms)[0m   [0mDROP TABLE IF EXISTS `posts`[0m
  [4;36;1mSQL (2.4ms)[0m   [0;1m

CREATE TABLE `posts` (
 `id` int(11) NOT NULL auto_increment,
 `title` varchar(255) NOT NULL,
 `text` text NOT NULL,
 `created_at` datetime NOT NULL,
 PRIMARY KEY (`id`)
) ENGINE=InnoDB DEFAULT CHARSET=utf8[0m
  [4;35;1mPost Delete all (0.3ms)[0m   [0mDELETE FROM `posts` [0m
  [4;36;1mPost Columns (1.5ms)[0m   [0;1mSHOW FIELDS FROM `posts`[0m
  [4;35;1mSQL (0.1ms)[0m   [0mBEGIN[0m
  [4;36;1mPost Create (0.2ms)[0m   [0;1mINSERT INTO `posts` (`title`, `text`, `created_at`) VALUES('January', 'testing', '2009-01-01 00:00:00')[0m
  [4;35;1mSQL (0.7ms)[0m   [0mCOMMIT[0m
  [4;36;1mSQL (0.1ms)[0m   [0;1mBEGIN[0m
  [4;35;1mPost Create (0.2ms)[0m   [0mINSERT INTO `posts` (`title`, `text`, `created_at`) VALUES('February', 'testing', '2009-02-01 00:00:00')[0m
  [4;36;1mSQL (0.5ms)[0m   [0;1mCOMMIT[0m
  [4;35;1mSQL (0.1ms)[0m   [0mBEGIN[0m
  [4;36;1mPost Create (0.2ms)[0m   [0;1mINSERT INTO `posts` (`title`, `text`, `created_at`) VALUES('March', 'testing', '2009-03-01 00:00:00')[0m
  [4;35;1mSQL (0.5ms)[0m   [0mCOMMIT[0m
  [4;36;1mSQL (0.1ms)[0m   [0;1mBEGIN[0m
  [4;35;1mPost Create (0.1ms)[0m   [0mINSERT INTO `posts` (`title`, `text`, `created_at`) VALUES('April', 'testing', '2009-04-01 00:00:00')[0m
  [4;36;1mSQL (0.6ms)[0m   [0;1mCOMMIT[0m
  [4;35;1mSQL (0.1ms)[0m   [0mBEGIN[0m
  [4;36;1mPost Create (0.1ms)[0m   [0;1mINSERT INTO `posts` (`title`, `text`, `created_at`) VALUES('May', 'testing', '2009-05-01 00:00:00')[0m
  [4;35;1mSQL (0.5ms)[0m   [0mCOMMIT[0m
  [4;36;1mSQL (0.1ms)[0m   [0;1mBEGIN[0m
  [4;35;1mPost Create (0.1ms)[0m   [0mINSERT INTO `posts` (`title`, `text`, `created_at`) VALUES('June', 'testing', '2009-06-01 00:00:00')[0m
  [4;36;1mSQL (0.5ms)[0m   [0;1mCOMMIT[0m
  [4;35;1mSQL (0.1ms)[0m   [0mBEGIN[0m
  [4;36;1mPost Create (0.1ms)[0m   [0;1mINSERT INTO `posts` (`title`, `text`, `created_at`) VALUES('July', 'testing', '2009-07-01 00:00:00')[0m
  [4;35;1mSQL (0.6ms)[0m   [0mCOMMIT[0m
  [4;36;1mSQL (0.1ms)[0m   [0;1mBEGIN[0m
  [4;35;1mPost Create (0.1ms)[0m   [0mINSERT INTO `posts` (`title`, `text`, `created_at`) VALUES('August', 'testing', '2009-08-01 00:00:00')[0m
  [4;36;1mSQL (0.5ms)[0m   [0;1mCOMMIT[0m
  [4;35;1mSQL (0.1ms)[0m   [0mBEGIN[0m
  [4;36;1mPost Create (0.1ms)[0m   [0;1mINSERT INTO `posts` (`title`, `text`, `created_at`) VALUES('September', 'testing', '2009-09-01 00:00:00')[0m
  [4;35;1mSQL (0.5ms)[0m   [0mCOMMIT[0m
  [4;36;1mSQL (0.1ms)[0m   [0;1mBEGIN[0m
  [4;35;1mPost Create (0.1ms)[0m   [0mINSERT INTO `posts` (`title`, `text`, `created_at`) VALUES('October', 'testing', '2009-10-01 00:00:00')[0m
  [4;36;1mSQL (0.5ms)[0m   [0;1mCOMMIT[0m
  [4;35;1mSQL (0.1ms)[0m   [0mBEGIN[0m
  [4;36;1mPost Create (0.1ms)[0m   [0;1mINSERT INTO `posts` (`title`, `text`, `created_at`) VALUES('November', 'testing', '2009-11-01 00:00:00')[0m
  [4;35;1mSQL (0.6ms)[0m   [0mCOMMIT[0m
  [4;36;1mSQL (0.1ms)[0m   [0;1mBEGIN[0m
  [4;35;1mPost Create (0.1ms)[0m   [0mINSERT INTO `posts` (`title`, `text`, `created_at`) VALUES('December', 'testing', '2009-12-01 00:00:00')[0m
  [4;36;1mSQL (0.6ms)[0m   [0;1mCOMMIT[0m
  [4;35;1mPost Load (0.3ms)[0m   [0mSELECT * FROM `posts` [0m
  [4;36;1mSQL (0.2ms)[0m   [0;1mSET SQL_AUTO_IS_NULL=0[0m
  [4;35;1mSQL (1.6ms)[0m   [0mDROP TABLE IF EXISTS `posts`[0m
  [4;36;1mSQL (2.3ms)[0m   [0;1m

CREATE TABLE `posts` (
 `id` int(11) NOT NULL auto_increment,
 `title` varchar(255) NOT NULL,
 `text` text NOT NULL,
 `created_at` datetime NOT NULL,
 PRIMARY KEY (`id`)
) ENGINE=InnoDB DEFAULT CHARSET=utf8[0m
  [4;35;1mPost Delete all (0.2ms)[0m   [0mDELETE FROM `posts` [0m
  [4;36;1mPost Columns (1.3ms)[0m   [0;1mSHOW FIELDS FROM `posts`[0m
  [4;35;1mSQL (0.1ms)[0m   [0mBEGIN[0m
  [4;36;1mPost Create (0.2ms)[0m   [0;1mINSERT INTO `posts` (`title`, `text`, `created_at`) VALUES('January', 'testing', '2009-01-01 00:00:00')[0m
  [4;35;1mSQL (0.6ms)[0m   [0mCOMMIT[0m
  [4;36;1mSQL (0.1ms)[0m   [0;1mBEGIN[0m
  [4;35;1mPost Create (0.1ms)[0m   [0mINSERT INTO `posts` (`title`, `text`, `created_at`) VALUES('February', 'testing', '2009-02-01 00:00:00')[0m
  [4;36;1mSQL (0.5ms)[0m   [0;1mCOMMIT[0m
  [4;35;1mSQL (0.1ms)[0m   [0mBEGIN[0m
  [4;36;1mPost Create (0.1ms)[0m   [0;1mINSERT INTO `posts` (`title`, `text`, `created_at`) VALUES('March', 'testing', '2009-03-01 00:00:00')[0m
  [4;35;1mSQL (0.5ms)[0m   [0mCOMMIT[0m
  [4;36;1mSQL (0.1ms)[0m   [0;1mBEGIN[0m
  [4;35;1mPost Create (0.1ms)[0m   [0mINSERT INTO `posts` (`title`, `text`, `created_at`) VALUES('April', 'testing', '2009-04-01 00:00:00')[0m
  [4;36;1mSQL (0.6ms)[0m   [0;1mCOMMIT[0m
  [4;35;1mSQL (0.1ms)[0m   [0mBEGIN[0m
  [4;36;1mPost Create (0.1ms)[0m   [0;1mINSERT INTO `posts` (`title`, `text`, `created_at`) VALUES('May', 'testing', '2009-05-01 00:00:00')[0m
  [4;35;1mSQL (0.6ms)[0m   [0mCOMMIT[0m
  [4;36;1mSQL (0.1ms)[0m   [0;1mBEGIN[0m
  [4;35;1mPost Create (0.1ms)[0m   [0mINSERT INTO `posts` (`title`, `text`, `created_at`) VALUES('June', 'testing', '2009-06-01 00:00:00')[0m
  [4;36;1mSQL (0.6ms)[0m   [0;1mCOMMIT[0m
  [4;35;1mSQL (0.1ms)[0m   [0mBEGIN[0m
  [4;36;1mPost Create (0.1ms)[0m   [0;1mINSERT INTO `posts` (`title`, `text`, `created_at`) VALUES('July', 'testing', '2009-07-01 00:00:00')[0m
  [4;35;1mSQL (0.5ms)[0m   [0mCOMMIT[0m
  [4;36;1mSQL (0.1ms)[0m   [0;1mBEGIN[0m
  [4;35;1mPost Create (0.2ms)[0m   [0mINSERT INTO `posts` (`title`, `text`, `created_at`) VALUES('August', 'testing', '2009-08-01 00:00:00')[0m
  [4;36;1mSQL (0.6ms)[0m   [0;1mCOMMIT[0m
  [4;35;1mSQL (0.1ms)[0m   [0mBEGIN[0m
  [4;36;1mPost Create (0.1ms)[0m   [0;1mINSERT INTO `posts` (`title`, `text`, `created_at`) VALUES('September', 'testing', '2009-09-01 00:00:00')[0m
  [4;35;1mSQL (0.6ms)[0m   [0mCOMMIT[0m
  [4;36;1mSQL (0.1ms)[0m   [0;1mBEGIN[0m
  [4;35;1mPost Create (0.1ms)[0m   [0mINSERT INTO `posts` (`title`, `text`, `created_at`) VALUES('October', 'testing', '2009-10-01 00:00:00')[0m
  [4;36;1mSQL (0.6ms)[0m   [0;1mCOMMIT[0m
  [4;35;1mSQL (0.1ms)[0m   [0mBEGIN[0m
  [4;36;1mPost Create (0.1ms)[0m   [0;1mINSERT INTO `posts` (`title`, `text`, `created_at`) VALUES('November', 'testing', '2009-11-01 00:00:00')[0m
  [4;35;1mSQL (0.6ms)[0m   [0mCOMMIT[0m
  [4;36;1mSQL (0.1ms)[0m   [0;1mBEGIN[0m
  [4;35;1mPost Create (0.2ms)[0m   [0mINSERT INTO `posts` (`title`, `text`, `created_at`) VALUES('December', 'testing', '2009-12-01 00:00:00')[0m
  [4;36;1mSQL (0.6ms)[0m   [0;1mCOMMIT[0m
  [4;35;1mPost Load (0.4ms)[0m   [0mSELECT * FROM `posts` [0m
